#
# There is insufficient memory for the Java Runtime Environment to continue.
# Native memory allocation (malloc) failed to allocate 541136 bytes for Chunk::new
# Possible reasons:
#   The system is out of physical RAM or swap space
#   The process is running with CompressedOops enabled, and the Java Heap may be blocking the growth of the native heap
# Possible solutions:
#   Reduce memory load on the system
#   Increase physical memory or swap space
#   Check if swap backing store is full
#   Decrease Java heap size (-Xmx/-Xms)
#   Decrease number of Java threads
#   Decrease Java thread stack sizes (-Xss)
#   Set larger code cache with -XX:ReservedCodeCacheSize=
#   JVM is running with Unscaled Compressed Oops mode in which the Java heap is
#     placed in the first 4GB address space. The Java Heap base address is the
#     maximum limit for the native heap growth. Please use -XX:HeapBaseMinAddress
#     to set the Java Heap base and to place the Java Heap above 4GB virtual address.
# This output file may be truncated or incomplete.
#
#  Out of Memory Error (arena.cpp:189), pid=16712, tid=13064
#
# JRE version: OpenJDK Runtime Environment Temurin-17.0.8.1+1 (17.0.8.1+1) (build 17.0.8.1+1)
# Java VM: OpenJDK 64-Bit Server VM Temurin-17.0.8.1+1 (17.0.8.1+1, mixed mode, tiered, compressed oops, compressed class ptrs, parallel gc, windows-amd64)
# No core dump will be written. Minidumps are not enabled by default on client versions of Windows
#

---------------  S U M M A R Y ------------

Command Line: --add-modules=ALL-SYSTEM --add-opens=java.base/java.util=ALL-UNNAMED --add-opens=java.base/java.lang=ALL-UNNAMED --add-opens=java.base/sun.nio.fs=ALL-UNNAMED -Declipse.application=org.eclipse.jdt.ls.core.id1 -Dosgi.bundles.defaultStartLevel=4 -Declipse.product=org.eclipse.jdt.ls.core.product -Djava.import.generatesMetadataFilesAtProjectRoot=false -DDetectVMInstallationsJob.disabled=true -Dfile.encoding=utf8 -XX:+UseParallelGC -XX:GCTimeRatio=4 -XX:AdaptiveSizePolicyWeight=90 -Dsun.zip.disableMemoryMapping=true -Xmx1G -Xms100m -Xlog:disable -javaagent:c:\Users\User\.vscode\extensions\redhat.java-1.24.0-win32-x64\lombok\lombok-1.18.30.jar -XX:+HeapDumpOnOutOfMemoryError -XX:HeapDumpPath=c:\Users\User\AppData\Roaming\Code\User\workspaceStorage\78fe2800ceaa647071d4d764bac837f3\redhat.java -Daether.dependencyCollector.impl=bf c:\Users\User\.vscode\extensions\redhat.java-1.24.0-win32-x64\server\plugins\org.eclipse.equinox.launcher_1.6.500.v20230717-2134.jar -configuration c:\Users\User\AppData\Roaming\Code\User\globalStorage\redhat.java\1.24.0\config_win -data c:\Users\User\AppData\Roaming\Code\User\workspaceStorage\78fe2800ceaa647071d4d764bac837f3\redhat.java\jdt_ws --stdio

Host: 11th Gen Intel(R) Core(TM) i5-1135G7 @ 2.40GHz, 8 cores, 7G,  Windows 11 , 64 bit Build 22621 (10.0.22621.2506)
Time: Sun Nov 26 20:08:57 2023 SE Asia Standard Time elapsed time: 71.684021 seconds (0d 0h 1m 11s)

---------------  T H R E A D  ---------------

Current thread (0x000001717c5e3a20):  JavaThread "C2 CompilerThread1" daemon [_thread_in_native, id=13064, stack(0x000000430a900000,0x000000430aa00000)]


Current CompileTask:
C2:  71684 7329  s!   4       jdk.internal.loader.URLClassPath::getLoader (196 bytes)

Stack: [0x000000430a900000,0x000000430aa00000]
Native frames: (J=compiled Java code, j=interpreted, Vv=VM code, C=native code)
V  [jvm.dll+0x678b0a]
V  [jvm.dll+0x835e84]
V  [jvm.dll+0x83762e]
V  [jvm.dll+0x837c93]
V  [jvm.dll+0x24746f]
V  [jvm.dll+0xac20c]
V  [jvm.dll+0xac7dc]
V  [jvm.dll+0x2ae7af]
V  [jvm.dll+0x581427]
V  [jvm.dll+0x222602]
V  [jvm.dll+0x2229df]
V  [jvm.dll+0x21ba55]
V  [jvm.dll+0x218f0b]
V  [jvm.dll+0x1a534d]
V  [jvm.dll+0x228d8a]
V  [jvm.dll+0x226dcc]
V  [jvm.dll+0x7ec09b]
V  [jvm.dll+0x7e64ca]
V  [jvm.dll+0x677955]
C  [ucrtbase.dll+0x29363]
C  [KERNEL32.DLL+0x1257d]
C  [ntdll.dll+0x5aa58]


---------------  P R O C E S S  ---------------

Threads class SMR info:
_java_thread_list=0x000001710047f410, length=31, elements={
0x00000171623f0aa0, 0x0000017162497ec0, 0x00000171624995c0, 0x000001717625cd00,
0x000001717625de80, 0x000001717625e950, 0x000001717b393430, 0x000001717b398af0,
0x000001717b3a5380, 0x000001717b3adc80, 0x000001717b490970, 0x000001717b6a6c90,
0x000001717c623de0, 0x000001717c622490, 0x000001717c6229a0, 0x000001717c622eb0,
0x000001717c6242f0, 0x000001717c624d10, 0x000001717c621a70, 0x000001717c621f80,
0x000001717d362170, 0x000001717d364f00, 0x000001717d35f8f0, 0x000001717d365920,
0x000001717d361750, 0x000001717d365e30, 0x000001717d360820, 0x000001717d362680,
0x000001717d3630a0, 0x000001717d3635b0, 0x000001717c5e3a20
}

Java Threads: ( => current thread )
  0x00000171623f0aa0 JavaThread "main" [_thread_blocked, id=11220, stack(0x0000004308000000,0x0000004308100000)]
  0x0000017162497ec0 JavaThread "Reference Handler" daemon [_thread_blocked, id=2700, stack(0x0000004308300000,0x0000004308400000)]
  0x00000171624995c0 JavaThread "Finalizer" daemon [_thread_blocked, id=8720, stack(0x0000004308400000,0x0000004308500000)]
  0x000001717625cd00 JavaThread "Signal Dispatcher" daemon [_thread_blocked, id=21748, stack(0x0000004308500000,0x0000004308600000)]
  0x000001717625de80 JavaThread "Attach Listener" daemon [_thread_blocked, id=2648, stack(0x0000004308600000,0x0000004308700000)]
  0x000001717625e950 JavaThread "Service Thread" daemon [_thread_blocked, id=23416, stack(0x0000004308700000,0x0000004308800000)]
  0x000001717b393430 JavaThread "Monitor Deflation Thread" daemon [_thread_blocked, id=17924, stack(0x0000004308800000,0x0000004308900000)]
  0x000001717b398af0 JavaThread "C2 CompilerThread0" daemon [_thread_in_native, id=23004, stack(0x0000004308900000,0x0000004308a00000)]
  0x000001717b3a5380 JavaThread "C1 CompilerThread0" daemon [_thread_blocked, id=9276, stack(0x0000004308a00000,0x0000004308b00000)]
  0x000001717b3adc80 JavaThread "Sweeper thread" daemon [_thread_blocked, id=27280, stack(0x0000004308b00000,0x0000004308c00000)]
  0x000001717b490970 JavaThread "Common-Cleaner" daemon [_thread_blocked, id=22276, stack(0x0000004308c00000,0x0000004308d00000)]
  0x000001717b6a6c90 JavaThread "Notification Thread" daemon [_thread_blocked, id=22172, stack(0x0000004308d00000,0x0000004308e00000)]
  0x000001717c623de0 JavaThread "Active Thread: Equinox Container: e2c04019-d28a-4a45-a1cb-b4fddfd16e30" [_thread_blocked, id=15928, stack(0x0000004309600000,0x0000004309700000)]
  0x000001717c622490 JavaThread "Framework Event Dispatcher: Equinox Container: e2c04019-d28a-4a45-a1cb-b4fddfd16e30" daemon [_thread_blocked, id=26264, stack(0x0000004309500000,0x0000004309600000)]
  0x000001717c6229a0 JavaThread "Start Level: Equinox Container: e2c04019-d28a-4a45-a1cb-b4fddfd16e30" daemon [_thread_blocked, id=17300, stack(0x0000004309700000,0x0000004309800000)]
  0x000001717c622eb0 JavaThread "Bundle File Closer" daemon [_thread_blocked, id=22456, stack(0x0000004309900000,0x0000004309a00000)]
  0x000001717c6242f0 JavaThread "SCR Component Actor" daemon [_thread_blocked, id=22340, stack(0x0000004309a00000,0x0000004309b00000)]
  0x000001717c624d10 JavaThread "Worker-JM" [_thread_blocked, id=25272, stack(0x0000004309c00000,0x0000004309d00000)]
  0x000001717c621a70 JavaThread "Worker-0: Java indexing... " [_thread_blocked, id=14364, stack(0x0000004309d00000,0x0000004309e00000)]
  0x000001717c621f80 JavaThread "Worker-1: Initialize Workspace" [_thread_blocked, id=23740, stack(0x0000004309e00000,0x0000004309f00000)]
  0x000001717d362170 JavaThread "Java indexing" daemon [_thread_in_Java, id=15944, stack(0x000000430a000000,0x000000430a100000)]
  0x000001717d364f00 JavaThread "Worker-2" [_thread_blocked, id=26192, stack(0x000000430a100000,0x000000430a200000)]
  0x000001717d35f8f0 JavaThread "Worker-3" [_thread_blocked, id=27344, stack(0x000000430a300000,0x000000430a400000)]
  0x000001717d365920 JavaThread "JNA Cleaner" daemon [_thread_blocked, id=7236, stack(0x000000430a400000,0x000000430a500000)]
  0x000001717d361750 JavaThread "pool-2-thread-1" [_thread_blocked, id=17344, stack(0x000000430a500000,0x000000430a600000)]
  0x000001717d365e30 JavaThread "WorkspaceEventsHandler" [_thread_blocked, id=26276, stack(0x000000430a600000,0x000000430a700000)]
  0x000001717d360820 JavaThread "pool-1-thread-1" [_thread_blocked, id=24244, stack(0x000000430a700000,0x000000430a800000)]
  0x000001717d362680 JavaThread "Worker-4" [_thread_blocked, id=25640, stack(0x000000430a800000,0x000000430a900000)]
  0x000001717d3630a0 JavaThread "Timer-0" [_thread_blocked, id=11520, stack(0x000000430aa00000,0x000000430ab00000)]
  0x000001717d3635b0 JavaThread "Connection worker" [_thread_in_native, id=26576, stack(0x000000430ab00000,0x000000430ac00000)]
=>0x000001717c5e3a20 JavaThread "C2 CompilerThread1" daemon [_thread_in_native, id=13064, stack(0x000000430a900000,0x000000430aa00000)]

Other Threads:
  0x0000017162477150 VMThread "VM Thread" [stack: 0x0000004308200000,0x0000004308300000] [id=19048]
  0x000001717b67c410 WatcherThread [stack: 0x0000004308e00000,0x0000004308f00000] [id=15352]
  0x0000017162405740 GCTaskThread "GC Thread#0" [stack: 0x0000004308100000,0x0000004308200000] [id=24932]
  0x000001717c981000 GCTaskThread "GC Thread#1" [stack: 0x0000004308f00000,0x0000004309000000] [id=15320]
  0x000001717c9812c0 GCTaskThread "GC Thread#2" [stack: 0x0000004309000000,0x0000004309100000] [id=14164]
  0x000001717b72e650 GCTaskThread "GC Thread#3" [stack: 0x0000004309100000,0x0000004309200000] [id=14888]
  0x000001717b72e910 GCTaskThread "GC Thread#4" [stack: 0x0000004309200000,0x0000004309300000] [id=26332]
  0x000001717c8c0c30 GCTaskThread "GC Thread#5" [stack: 0x0000004309300000,0x0000004309400000] [id=17292]
  0x000001717c8c0ef0 GCTaskThread "GC Thread#6" [stack: 0x0000004309400000,0x0000004309500000] [id=4384]
  0x00000171602b59b0 GCTaskThread "GC Thread#7" [stack: 0x0000004309800000,0x0000004309900000] [id=12740]

Threads with active compile tasks:
C2 CompilerThread0    71753 7355       4       jdk.internal.loader.URLClassPath::getResource (74 bytes)
C2 CompilerThread1    71753 7329  s!   4       jdk.internal.loader.URLClassPath::getLoader (196 bytes)

VM state: not at safepoint (normal execution)

VM Mutex/Monitor currently owned by a thread: None

Heap address: 0x00000000c0000000, size: 1024 MB, Compressed Oops mode: 32-bit

CDS archive(s) not mapped
Compressed class space mapped at: 0x0000000100000000-0x0000000140000000, reserved size: 1073741824
Narrow klass base: 0x0000000000000000, Narrow klass shift: 3, Narrow klass range: 0x140000000

GC Precious Log:
 CPUs: 8 total, 8 available
 Memory: 7886M
 Large Page Support: Disabled
 NUMA Support: Disabled
 Compressed Oops: Enabled (32-bit)
 Alignments: Space 512K, Generation 512K, Heap 2M
 Heap Min Capacity: 100M
 Heap Initial Capacity: 100M
 Heap Max Capacity: 1G
 Pre-touch: Disabled
 Parallel Workers: 8

Heap:
 PSYoungGen      total 13824K, used 12931K [0x00000000eab00000, 0x00000000ebe00000, 0x0000000100000000)
  eden space 8192K, 98% used [0x00000000eab00000,0x00000000eb2da410,0x00000000eb300000)
  from space 5632K, 86% used [0x00000000eb880000,0x00000000ebd46958,0x00000000ebe00000)
  to   space 5632K, 0% used [0x00000000eb300000,0x00000000eb300000,0x00000000eb880000)
 ParOldGen       total 300032K, used 284129K [0x00000000c0000000, 0x00000000d2500000, 0x00000000eab00000)
  object space 300032K, 94% used [0x00000000c0000000,0x00000000d15787c0,0x00000000d2500000)
 Metaspace       used 61018K, committed 61952K, reserved 1114112K
  class space    used 6869K, committed 7296K, reserved 1048576K

Card table byte_map: [0x0000017161d80000,0x0000017161f90000] _byte_map_base: 0x0000017161780000

Marking Bits: (ParMarkBitMap*) 0x00007ffd483583a0
 Begin Bits: [0x0000017174060000, 0x0000017175060000)
 End Bits:   [0x0000017175060000, 0x0000017176060000)

Polling page: 0x0000017160390000

Metaspace:

Usage:
  Non-class:     52.88 MB used.
      Class:      6.71 MB used.
       Both:     59.59 MB used.

Virtual space:
  Non-class space:       64.00 MB reserved,      53.38 MB ( 83%) committed,  1 nodes.
      Class space:        1.00 GB reserved,       7.12 MB ( <1%) committed,  1 nodes.
             Both:        1.06 GB reserved,      60.50 MB (  6%) committed. 

Chunk freelists:
   Non-Class:  10.33 MB
       Class:  8.84 MB
        Both:  19.17 MB

MaxMetaspaceSize: unlimited
CompressedClassSpaceSize: 1.00 GB
Initial GC threshold: 21.00 MB
Current GC threshold: 98.56 MB
CDS: off
MetaspaceReclaimPolicy: balanced
 - commit_granule_bytes: 65536.
 - commit_granule_words: 8192.
 - virtual_space_node_default_size: 8388608.
 - enlarge_chunks_in_place: 1.
 - new_chunks_are_fully_committed: 0.
 - uncommit_free_chunks: 1.
 - use_allocation_guard: 0.
 - handle_deallocations: 1.


Internal statistics:

num_allocs_failed_limit: 13.
num_arena_births: 498.
num_arena_deaths: 16.
num_vsnodes_births: 2.
num_vsnodes_deaths: 0.
num_space_committed: 968.
num_space_uncommitted: 0.
num_chunks_returned_to_freelist: 29.
num_chunks_taken_from_freelist: 2669.
num_chunk_merges: 13.
num_chunk_splits: 1693.
num_chunks_enlarged: 1037.
num_inconsistent_stats: 0.

CodeHeap 'non-profiled nmethods': size=120000Kb used=4970Kb max_used=4970Kb free=115029Kb
 bounds [0x000001716cb30000, 0x000001716d010000, 0x0000017174060000]
CodeHeap 'profiled nmethods': size=120000Kb used=13135Kb max_used=13135Kb free=106864Kb
 bounds [0x0000017165060000, 0x0000017165d40000, 0x000001716c590000]
CodeHeap 'non-nmethods': size=5760Kb used=1352Kb max_used=1433Kb free=4407Kb
 bounds [0x000001716c590000, 0x000001716c800000, 0x000001716cb30000]
 total_blobs=7168 nmethods=6493 adapters=589
 compilation: enabled
              stopped_count=0, restarted_count=0
 full_count=0

Compilation events (20 events):
Event: 71.027 Thread 0x000001717b3a5380 7327       3       java.lang.WeakPairMap$Pair$Lookup::<init> (21 bytes)
Event: 71.028 Thread 0x000001717b3a5380 nmethod 7327 0x0000017165d2ac10 code [0x0000017165d2ade0, 0x0000017165d2b238]
Event: 71.028 Thread 0x000001717b3a5380 7328       3       java.lang.WeakPairMap$Pair::equals (34 bytes)
Event: 71.029 Thread 0x000001717b3a5380 nmethod 7328 0x0000017165d2b410 code [0x0000017165d2b5c0, 0x0000017165d2b938]
Event: 71.103 Thread 0x000001717b3a5380 7330       2       java.lang.ClassLoader::getPackage (36 bytes)
Event: 71.103 Thread 0x000001717b3a5380 nmethod 7330 0x0000017165d2ba10 code [0x0000017165d2bbc0, 0x0000017165d2bd88]
Event: 71.217 Thread 0x000001717b3a5380 7335       3       org.gradle.internal.util.Trie::find (135 bytes)
Event: 71.218 Thread 0x000001717b3a5380 nmethod 7335 0x0000017165d2be90 code [0x0000017165d2c0a0, 0x0000017165d2c858]
Event: 71.218 Thread 0x000001717b3a5380 7334       3       org.gradle.internal.classloader.FilteringClassLoader$TrieSet::find (9 bytes)
Event: 71.218 Thread 0x000001717b3a5380 nmethod 7334 0x0000017165d2cb10 code [0x0000017165d2ccc0, 0x0000017165d2ce28]
Event: 71.219 Thread 0x000001717c5e3a20 7329  s!   4       jdk.internal.loader.URLClassPath::getLoader (196 bytes)
Event: 71.253 Thread 0x000001717b398af0 nmethod 7325 0x000001716cff7590 code [0x000001716cff7900, 0x000001716cffbc88]
Event: 71.253 Thread 0x000001717b398af0 7331       4       java.util.jar.JarFile::getEntry (35 bytes)
Event: 71.260 Thread 0x000001717b398af0 nmethod 7331 0x000001716cfff490 code [0x000001716cfff660, 0x000001716cfffae0]
Event: 71.260 Thread 0x000001717b398af0 7332   !   4       jdk.internal.loader.URLClassPath$JarLoader::ensureOpen (36 bytes)
Event: 71.266 Thread 0x000001717b398af0 nmethod 7332 0x000001716cfffe10 code [0x000001716cffffc0, 0x000001716d000188]
Event: 71.266 Thread 0x000001717b398af0 7333       4       jdk.internal.org.objectweb.asm.MethodWriter::visitCode (1 bytes)
Event: 71.266 Thread 0x000001717b398af0 nmethod 7333 0x000001716d000390 code [0x000001716d000500, 0x000001716d000578]
Event: 71.300 Thread 0x000001717b398af0 7336       4       java.util.Collection::stream (11 bytes)
Event: 71.302 Thread 0x000001717b398af0 nmethod 7336 0x000001716d000690 code [0x000001716d000820, 0x000001716d000a58]

GC Heap History (20 events):
Event: 61.550 GC heap before
{Heap before GC invocations=280 (full 11):
 PSYoungGen      total 9728K, used 9556K [0x00000000eab00000, 0x00000000eb700000, 0x0000000100000000)
  eden space 7168K, 100% used [0x00000000eab00000,0x00000000eb200000,0x00000000eb200000)
  from space 2560K, 93% used [0x00000000eb480000,0x00000000eb6d52f0,0x00000000eb700000)
  to   space 2560K, 0% used [0x00000000eb200000,0x00000000eb200000,0x00000000eb480000)
 ParOldGen       total 268288K, used 255183K [0x00000000c0000000, 0x00000000d0600000, 0x00000000eab00000)
  object space 268288K, 95% used [0x00000000c0000000,0x00000000cf933e08,0x00000000d0600000)
 Metaspace       used 59613K, committed 60544K, reserved 1114112K
  class space    used 6609K, committed 7040K, reserved 1048576K
}
Event: 61.554 GC heap after
{Heap after GC invocations=280 (full 11):
 PSYoungGen      total 9728K, used 2556K [0x00000000eab00000, 0x00000000ebe00000, 0x0000000100000000)
  eden space 7168K, 0% used [0x00000000eab00000,0x00000000eab00000,0x00000000eb200000)
  from space 2560K, 99% used [0x00000000eb200000,0x00000000eb47f138,0x00000000eb480000)
  to   space 5632K, 0% used [0x00000000eb880000,0x00000000eb880000,0x00000000ebe00000)
 ParOldGen       total 268288K, used 257581K [0x00000000c0000000, 0x00000000d0600000, 0x00000000eab00000)
  object space 268288K, 96% used [0x00000000c0000000,0x00000000cfb8b5d8,0x00000000d0600000)
 Metaspace       used 59613K, committed 60544K, reserved 1114112K
  class space    used 6609K, committed 7040K, reserved 1048576K
}
Event: 61.583 GC heap before
{Heap before GC invocations=281 (full 11):
 PSYoungGen      total 9728K, used 9724K [0x00000000eab00000, 0x00000000ebe00000, 0x0000000100000000)
  eden space 7168K, 100% used [0x00000000eab00000,0x00000000eb200000,0x00000000eb200000)
  from space 2560K, 99% used [0x00000000eb200000,0x00000000eb47f138,0x00000000eb480000)
  to   space 5632K, 0% used [0x00000000eb880000,0x00000000eb880000,0x00000000ebe00000)
 ParOldGen       total 268288K, used 257581K [0x00000000c0000000, 0x00000000d0600000, 0x00000000eab00000)
  object space 268288K, 96% used [0x00000000c0000000,0x00000000cfb8b5d8,0x00000000d0600000)
 Metaspace       used 59613K, committed 60544K, reserved 1114112K
  class space    used 6609K, committed 7040K, reserved 1048576K
}
Event: 61.588 GC heap after
{Heap after GC invocations=281 (full 11):
 PSYoungGen      total 11264K, used 2801K [0x00000000eab00000, 0x00000000ebb80000, 0x0000000100000000)
  eden space 8192K, 0% used [0x00000000eab00000,0x00000000eab00000,0x00000000eb300000)
  from space 3072K, 91% used [0x00000000eb880000,0x00000000ebb3c798,0x00000000ebb80000)
  to   space 3584K, 0% used [0x00000000eb480000,0x00000000eb480000,0x00000000eb800000)
 ParOldGen       total 268288K, used 260047K [0x00000000c0000000, 0x00000000d0600000, 0x00000000eab00000)
  object space 268288K, 96% used [0x00000000c0000000,0x00000000cfdf3f38,0x00000000d0600000)
 Metaspace       used 59613K, committed 60544K, reserved 1114112K
  class space    used 6609K, committed 7040K, reserved 1048576K
}
Event: 61.641 GC heap before
{Heap before GC invocations=282 (full 11):
 PSYoungGen      total 11264K, used 10993K [0x00000000eab00000, 0x00000000ebb80000, 0x0000000100000000)
  eden space 8192K, 100% used [0x00000000eab00000,0x00000000eb300000,0x00000000eb300000)
  from space 3072K, 91% used [0x00000000eb880000,0x00000000ebb3c798,0x00000000ebb80000)
  to   space 3584K, 0% used [0x00000000eb480000,0x00000000eb480000,0x00000000eb800000)
 ParOldGen       total 268288K, used 260047K [0x00000000c0000000, 0x00000000d0600000, 0x00000000eab00000)
  object space 268288K, 96% used [0x00000000c0000000,0x00000000cfdf3f38,0x00000000d0600000)
 Metaspace       used 59613K, committed 60544K, reserved 1114112K
  class space    used 6609K, committed 7040K, reserved 1048576K
}
Event: 61.649 GC heap after
{Heap after GC invocations=282 (full 11):
 PSYoungGen      total 13312K, used 3307K [0x00000000eab00000, 0x00000000ebb80000, 0x0000000100000000)
  eden space 9728K, 0% used [0x00000000eab00000,0x00000000eab00000,0x00000000eb480000)
  from space 3584K, 92% used [0x00000000eb480000,0x00000000eb7bad90,0x00000000eb800000)
  to   space 3584K, 0% used [0x00000000eb800000,0x00000000eb800000,0x00000000ebb80000)
 ParOldGen       total 268288K, used 262697K [0x00000000c0000000, 0x00000000d0600000, 0x00000000eab00000)
  object space 268288K, 97% used [0x00000000c0000000,0x00000000d008a528,0x00000000d0600000)
 Metaspace       used 59613K, committed 60544K, reserved 1114112K
  class space    used 6609K, committed 7040K, reserved 1048576K
}
Event: 61.687 GC heap before
{Heap before GC invocations=283 (full 11):
 PSYoungGen      total 13312K, used 13035K [0x00000000eab00000, 0x00000000ebb80000, 0x0000000100000000)
  eden space 9728K, 100% used [0x00000000eab00000,0x00000000eb480000,0x00000000eb480000)
  from space 3584K, 92% used [0x00000000eb480000,0x00000000eb7bad90,0x00000000eb800000)
  to   space 3584K, 0% used [0x00000000eb800000,0x00000000eb800000,0x00000000ebb80000)
 ParOldGen       total 268288K, used 262697K [0x00000000c0000000, 0x00000000d0600000, 0x00000000eab00000)
  object space 268288K, 97% used [0x00000000c0000000,0x00000000d008a528,0x00000000d0600000)
 Metaspace       used 59613K, committed 60544K, reserved 1114112K
  class space    used 6609K, committed 7040K, reserved 1048576K
}
Event: 61.692 GC heap after
{Heap after GC invocations=283 (full 11):
 PSYoungGen      total 12800K, used 3576K [0x00000000eab00000, 0x00000000ebe00000, 0x0000000100000000)
  eden space 9216K, 0% used [0x00000000eab00000,0x00000000eab00000,0x00000000eb400000)
  from space 3584K, 99% used [0x00000000eb800000,0x00000000ebb7e200,0x00000000ebb80000)
  to   space 4096K, 0% used [0x00000000eb400000,0x00000000eb400000,0x00000000eb800000)
 ParOldGen       total 268288K, used 266355K [0x00000000c0000000, 0x00000000d0600000, 0x00000000eab00000)
  object space 268288K, 99% used [0x00000000c0000000,0x00000000d041cf98,0x00000000d0600000)
 Metaspace       used 59613K, committed 60544K, reserved 1114112K
  class space    used 6609K, committed 7040K, reserved 1048576K
}
Event: 61.692 GC heap before
{Heap before GC invocations=284 (full 12):
 PSYoungGen      total 12800K, used 3576K [0x00000000eab00000, 0x00000000ebe00000, 0x0000000100000000)
  eden space 9216K, 0% used [0x00000000eab00000,0x00000000eab00000,0x00000000eb400000)
  from space 3584K, 99% used [0x00000000eb800000,0x00000000ebb7e200,0x00000000ebb80000)
  to   space 4096K, 0% used [0x00000000eb400000,0x00000000eb400000,0x00000000eb800000)
 ParOldGen       total 268288K, used 266355K [0x00000000c0000000, 0x00000000d0600000, 0x00000000eab00000)
  object space 268288K, 99% used [0x00000000c0000000,0x00000000d041cf98,0x00000000d0600000)
 Metaspace       used 59613K, committed 60544K, reserved 1114112K
  class space    used 6609K, committed 7040K, reserved 1048576K
}
Event: 62.290 GC heap after
{Heap after GC invocations=284 (full 12):
 PSYoungGen      total 12800K, used 415K [0x00000000eab00000, 0x00000000ebd00000, 0x0000000100000000)
  eden space 9216K, 0% used [0x00000000eab00000,0x00000000eab00000,0x00000000eb400000)
  from space 3584K, 11% used [0x00000000eb800000,0x00000000eb867d58,0x00000000ebb80000)
  to   space 4096K, 0% used [0x00000000eb400000,0x00000000eb400000,0x00000000eb800000)
 ParOldGen       total 300032K, used 268003K [0x00000000c0000000, 0x00000000d2500000, 0x00000000eab00000)
  object space 300032K, 89% used [0x00000000c0000000,0x00000000d05b8ed0,0x00000000d2500000)
 Metaspace       used 59613K, committed 60544K, reserved 1114112K
  class space    used 6609K, committed 7040K, reserved 1048576K
}
Event: 62.471 GC heap before
{Heap before GC invocations=285 (full 12):
 PSYoungGen      total 12800K, used 9631K [0x00000000eab00000, 0x00000000ebd00000, 0x0000000100000000)
  eden space 9216K, 100% used [0x00000000eab00000,0x00000000eb400000,0x00000000eb400000)
  from space 3584K, 11% used [0x00000000eb800000,0x00000000eb867d58,0x00000000ebb80000)
  to   space 4096K, 0% used [0x00000000eb400000,0x00000000eb400000,0x00000000eb800000)
 ParOldGen       total 300032K, used 268003K [0x00000000c0000000, 0x00000000d2500000, 0x00000000eab00000)
  object space 300032K, 89% used [0x00000000c0000000,0x00000000d05b8ed0,0x00000000d2500000)
 Metaspace       used 59613K, committed 60544K, reserved 1114112K
  class space    used 6609K, committed 7040K, reserved 1048576K
}
Event: 62.506 GC heap after
{Heap after GC invocations=285 (full 12):
 PSYoungGen      total 13312K, used 3426K [0x00000000eab00000, 0x00000000ebc00000, 0x0000000100000000)
  eden space 9216K, 0% used [0x00000000eab00000,0x00000000eab00000,0x00000000eb400000)
  from space 4096K, 83% used [0x00000000eb400000,0x00000000eb758968,0x00000000eb800000)
  to   space 3584K, 0% used [0x00000000eb880000,0x00000000eb880000,0x00000000ebc00000)
 ParOldGen       total 300032K, used 268426K [0x00000000c0000000, 0x00000000d2500000, 0x00000000eab00000)
  object space 300032K, 89% used [0x00000000c0000000,0x00000000d0622b60,0x00000000d2500000)
 Metaspace       used 59613K, committed 60544K, reserved 1114112K
  class space    used 6609K, committed 7040K, reserved 1048576K
}
Event: 63.754 GC heap before
{Heap before GC invocations=286 (full 12):
 PSYoungGen      total 13312K, used 12642K [0x00000000eab00000, 0x00000000ebc00000, 0x0000000100000000)
  eden space 9216K, 100% used [0x00000000eab00000,0x00000000eb400000,0x00000000eb400000)
  from space 4096K, 83% used [0x00000000eb400000,0x00000000eb758968,0x00000000eb800000)
  to   space 3584K, 0% used [0x00000000eb880000,0x00000000eb880000,0x00000000ebc00000)
 ParOldGen       total 300032K, used 268426K [0x00000000c0000000, 0x00000000d2500000, 0x00000000eab00000)
  object space 300032K, 89% used [0x00000000c0000000,0x00000000d0622b60,0x00000000d2500000)
 Metaspace       used 59630K, committed 60608K, reserved 1114112K
  class space    used 6610K, committed 7040K, reserved 1048576K
}
Event: 63.761 GC heap after
{Heap after GC invocations=286 (full 12):
 PSYoungGen      total 11264K, used 3572K [0x00000000eab00000, 0x00000000ec100000, 0x0000000100000000)
  eden space 7680K, 0% used [0x00000000eab00000,0x00000000eab00000,0x00000000eb280000)
  from space 3584K, 99% used [0x00000000eb880000,0x00000000ebbfd000,0x00000000ebc00000)
  to   space 6144K, 0% used [0x00000000eb280000,0x00000000eb280000,0x00000000eb880000)
 ParOldGen       total 300032K, used 270514K [0x00000000c0000000, 0x00000000d2500000, 0x00000000eab00000)
  object space 300032K, 90% used [0x00000000c0000000,0x00000000d082c868,0x00000000d2500000)
 Metaspace       used 59630K, committed 60608K, reserved 1114112K
  class space    used 6610K, committed 7040K, reserved 1048576K
}
Event: 64.682 GC heap before
{Heap before GC invocations=287 (full 12):
 PSYoungGen      total 11264K, used 11252K [0x00000000eab00000, 0x00000000ec100000, 0x0000000100000000)
  eden space 7680K, 100% used [0x00000000eab00000,0x00000000eb280000,0x00000000eb280000)
  from space 3584K, 99% used [0x00000000eb880000,0x00000000ebbfd000,0x00000000ebc00000)
  to   space 6144K, 0% used [0x00000000eb280000,0x00000000eb280000,0x00000000eb880000)
 ParOldGen       total 300032K, used 270514K [0x00000000c0000000, 0x00000000d2500000, 0x00000000eab00000)
  object space 300032K, 90% used [0x00000000c0000000,0x00000000d082c868,0x00000000d2500000)
 Metaspace       used 59634K, committed 60608K, reserved 1114112K
  class space    used 6610K, committed 7040K, reserved 1048576K
}
Event: 64.693 GC heap after
{Heap after GC invocations=287 (full 12):
 PSYoungGen      total 13824K, used 5470K [0x00000000eab00000, 0x00000000ebe00000, 0x0000000100000000)
  eden space 7680K, 0% used [0x00000000eab00000,0x00000000eab00000,0x00000000eb280000)
  from space 6144K, 89% used [0x00000000eb280000,0x00000000eb7d7bd0,0x00000000eb880000)
  to   space 5632K, 0% used [0x00000000eb880000,0x00000000eb880000,0x00000000ebe00000)
 ParOldGen       total 300032K, used 273954K [0x00000000c0000000, 0x00000000d2500000, 0x00000000eab00000)
  object space 300032K, 91% used [0x00000000c0000000,0x00000000d0b88920,0x00000000d2500000)
 Metaspace       used 59634K, committed 60608K, reserved 1114112K
  class space    used 6610K, committed 7040K, reserved 1048576K
}
Event: 65.311 GC heap before
{Heap before GC invocations=288 (full 12):
 PSYoungGen      total 13824K, used 13150K [0x00000000eab00000, 0x00000000ebe00000, 0x0000000100000000)
  eden space 7680K, 100% used [0x00000000eab00000,0x00000000eb280000,0x00000000eb280000)
  from space 6144K, 89% used [0x00000000eb280000,0x00000000eb7d7bd0,0x00000000eb880000)
  to   space 5632K, 0% used [0x00000000eb880000,0x00000000eb880000,0x00000000ebe00000)
 ParOldGen       total 300032K, used 273954K [0x00000000c0000000, 0x00000000d2500000, 0x00000000eab00000)
  object space 300032K, 91% used [0x00000000c0000000,0x00000000d0b88920,0x00000000d2500000)
 Metaspace       used 59634K, committed 60608K, reserved 1114112K
  class space    used 6610K, committed 7040K, reserved 1048576K
}
Event: 65.343 GC heap after
{Heap after GC invocations=288 (full 12):
 PSYoungGen      total 13312K, used 5625K [0x00000000eab00000, 0x00000000ebe00000, 0x0000000100000000)
  eden space 7680K, 0% used [0x00000000eab00000,0x00000000eab00000,0x00000000eb280000)
  from space 5632K, 99% used [0x00000000eb880000,0x00000000ebdfe620,0x00000000ebe00000)
  to   space 6144K, 0% used [0x00000000eb280000,0x00000000eb280000,0x00000000eb880000)
 ParOldGen       total 300032K, used 278870K [0x00000000c0000000, 0x00000000d2500000, 0x00000000eab00000)
  object space 300032K, 92% used [0x00000000c0000000,0x00000000d10558e8,0x00000000d2500000)
 Metaspace       used 59634K, committed 60608K, reserved 1114112K
  class space    used 6610K, committed 7040K, reserved 1048576K
}
Event: 71.175 GC heap before
{Heap before GC invocations=289 (full 12):
 PSYoungGen      total 13312K, used 13305K [0x00000000eab00000, 0x00000000ebe00000, 0x0000000100000000)
  eden space 7680K, 100% used [0x00000000eab00000,0x00000000eb280000,0x00000000eb280000)
  from space 5632K, 99% used [0x00000000eb880000,0x00000000ebdfe620,0x00000000ebe00000)
  to   space 6144K, 0% used [0x00000000eb280000,0x00000000eb280000,0x00000000eb880000)
 ParOldGen       total 300032K, used 278870K [0x00000000c0000000, 0x00000000d2500000, 0x00000000eab00000)
  object space 300032K, 92% used [0x00000000c0000000,0x00000000d10558e8,0x00000000d2500000)
 Metaspace       used 60165K, committed 61056K, reserved 1114112K
  class space    used 6710K, committed 7104K, reserved 1048576K
}
Event: 71.183 GC heap after
{Heap after GC invocations=289 (full 12):
 PSYoungGen      total 13824K, used 2194K [0x00000000eab00000, 0x00000000ebe00000, 0x0000000100000000)
  eden space 7680K, 0% used [0x00000000eab00000,0x00000000eab00000,0x00000000eb280000)
  from space 6144K, 35% used [0x00000000eb280000,0x00000000eb4a4b28,0x00000000eb880000)
  to   space 5632K, 0% used [0x00000000eb880000,0x00000000eb880000,0x00000000ebe00000)
 ParOldGen       total 300032K, used 284129K [0x00000000c0000000, 0x00000000d2500000, 0x00000000eab00000)
  object space 300032K, 94% used [0x00000000c0000000,0x00000000d15787c0,0x00000000d2500000)
 Metaspace       used 60165K, committed 61056K, reserved 1114112K
  class space    used 6710K, committed 7104K, reserved 1048576K
}

Dll operation events (13 events):
Event: 0.039 Loaded shared library c:\Users\User\.vscode\extensions\redhat.java-1.24.0-win32-x64\jre\17.0.8.1-win32-x86_64\bin\java.dll
Event: 0.449 Loaded shared library c:\Users\User\.vscode\extensions\redhat.java-1.24.0-win32-x64\jre\17.0.8.1-win32-x86_64\bin\zip.dll
Event: 0.455 Loaded shared library C:\Users\User\.vscode\extensions\redhat.java-1.24.0-win32-x64\jre\17.0.8.1-win32-x86_64\bin\instrument.dll
Event: 0.491 Loaded shared library C:\Users\User\.vscode\extensions\redhat.java-1.24.0-win32-x64\jre\17.0.8.1-win32-x86_64\bin\net.dll
Event: 0.500 Loaded shared library C:\Users\User\.vscode\extensions\redhat.java-1.24.0-win32-x64\jre\17.0.8.1-win32-x86_64\bin\nio.dll
Event: 0.521 Loaded shared library C:\Users\User\.vscode\extensions\redhat.java-1.24.0-win32-x64\jre\17.0.8.1-win32-x86_64\bin\zip.dll
Event: 0.583 Loaded shared library C:\Users\User\.vscode\extensions\redhat.java-1.24.0-win32-x64\jre\17.0.8.1-win32-x86_64\bin\jimage.dll
Event: 0.726 Loaded shared library c:\Users\User\.vscode\extensions\redhat.java-1.24.0-win32-x64\jre\17.0.8.1-win32-x86_64\bin\verify.dll
Event: 11.290 Loaded shared library C:\Users\User\AppData\Roaming\Code\User\globalStorage\redhat.java\1.24.0\config_win\org.eclipse.equinox.launcher\org.eclipse.equinox.launcher.win32.win32.x86_64_1.2.700.v20221108-1024\eclipse_11801.dll
Event: 28.187 Loaded shared library C:\Users\User\.vscode\extensions\redhat.java-1.24.0-win32-x64\jre\17.0.8.1-win32-x86_64\bin\management.dll
Event: 28.202 Loaded shared library C:\Users\User\.vscode\extensions\redhat.java-1.24.0-win32-x64\jre\17.0.8.1-win32-x86_64\bin\management_ext.dll
Event: 31.290 Loaded shared library C:\Users\User\AppData\Local\Temp\jna-2645995\jna14202196766834784922.dll
Event: 34.260 Loaded shared library C:\Users\User\.vscode\extensions\redhat.java-1.24.0-win32-x64\jre\17.0.8.1-win32-x86_64\bin\sunmscapi.dll

Deoptimization events (20 events):
Event: 63.692 Thread 0x000001717d362170 Uncommon trap: trap_request=0xffffff45 fr.pc=0x000001716ce45fa8 relative=0x0000000000000388
Event: 63.692 Thread 0x000001717d362170 Uncommon trap: reason=unstable_if action=reinterpret pc=0x000001716ce45fa8 method=org.eclipse.jdt.internal.compiler.util.HashtableOfObject.get([C)Ljava/lang/Object; @ 49 c2
Event: 63.692 Thread 0x000001717d362170 DEOPT PACKING pc=0x000001716ce45fa8 sp=0x000000430a0fec30
Event: 63.692 Thread 0x000001717d362170 DEOPT UNPACKING pc=0x000001716c5e9ea3 sp=0x000000430a0febb8 mode 2
Event: 63.726 Thread 0x000001717d362170 Uncommon trap: trap_request=0xffffff45 fr.pc=0x000001716cebe6d8 relative=0x0000000000000778
Event: 63.726 Thread 0x000001717d362170 Uncommon trap: reason=unstable_if action=reinterpret pc=0x000001716cebe6d8 method=org.eclipse.jdt.internal.compiler.util.HashtableOfObject.putUnsafely([CLjava/lang/Object;)V @ 23 c2
Event: 63.726 Thread 0x000001717d362170 DEOPT PACKING pc=0x000001716cebe6d8 sp=0x000000430a0feba0
Event: 63.726 Thread 0x000001717d362170 DEOPT UNPACKING pc=0x000001716c5e9ea3 sp=0x000000430a0feac8 mode 2
Event: 64.000 Thread 0x000001717d362170 DEOPT PACKING pc=0x0000017165d1ffbb sp=0x000000430a0fec60
Event: 64.000 Thread 0x000001717d362170 DEOPT UNPACKING pc=0x000001716c5ea9e3 sp=0x000000430a0fe130 mode 0
Event: 64.075 Thread 0x000001717d362170 DEOPT PACKING pc=0x0000017165d1ffbb sp=0x000000430a0fec60
Event: 64.075 Thread 0x000001717d362170 DEOPT UNPACKING pc=0x000001716c5ea9e3 sp=0x000000430a0fe130 mode 0
Event: 64.097 Thread 0x000001717d362170 DEOPT PACKING pc=0x0000017165d1ffbb sp=0x000000430a0fec60
Event: 64.097 Thread 0x000001717d362170 DEOPT UNPACKING pc=0x000001716c5ea9e3 sp=0x000000430a0fe130 mode 0
Event: 64.098 Thread 0x000001717d362170 DEOPT PACKING pc=0x0000017165d1e373 sp=0x000000430a0febb0
Event: 64.098 Thread 0x000001717d362170 DEOPT UNPACKING pc=0x000001716c5ea9e3 sp=0x000000430a0fe048 mode 0
Event: 71.021 Thread 0x000001717d3635b0 Uncommon trap: trap_request=0xffffffdc fr.pc=0x000001716cf13320 relative=0x0000000000000280
Event: 71.021 Thread 0x000001717d3635b0 Uncommon trap: reason=class_check action=make_not_entrant pc=0x000001716cf13320 method=java.util.ArrayList.toArray([Ljava/lang/Object;)[Ljava/lang/Object; @ 21 c2
Event: 71.021 Thread 0x000001717d3635b0 DEOPT PACKING pc=0x000001716cf13320 sp=0x000000430abfcfd0
Event: 71.021 Thread 0x000001717d3635b0 DEOPT UNPACKING pc=0x000001716c5e9ea3 sp=0x000000430abfcfa0 mode 2

Classes unloaded (8 events):
Event: 31.007 Thread 0x0000017162477150 Unloading class 0x0000000100254000 'java/lang/invoke/LambdaForm$MH+0x0000000100254000'
Event: 31.007 Thread 0x0000017162477150 Unloading class 0x0000000100253c00 'java/lang/invoke/LambdaForm$MH+0x0000000100253c00'
Event: 31.007 Thread 0x0000017162477150 Unloading class 0x0000000100253800 'java/lang/invoke/LambdaForm$MH+0x0000000100253800'
Event: 31.007 Thread 0x0000017162477150 Unloading class 0x0000000100253400 'java/lang/invoke/LambdaForm$MH+0x0000000100253400'
Event: 31.007 Thread 0x0000017162477150 Unloading class 0x0000000100253000 'java/lang/invoke/LambdaForm$BMH+0x0000000100253000'
Event: 31.007 Thread 0x0000017162477150 Unloading class 0x0000000100252c00 'java/lang/invoke/LambdaForm$DMH+0x0000000100252c00'
Event: 31.007 Thread 0x0000017162477150 Unloading class 0x0000000100250000 'java/lang/invoke/LambdaForm$DMH+0x0000000100250000'
Event: 40.652 Thread 0x0000017162477150 Unloading class 0x00000001005a3400 'java/lang/invoke/LambdaForm$DMH+0x00000001005a3400'

Classes redefined (0 events):
No events

Internal exceptions (20 events):
Event: 35.330 Thread 0x000001717c621f80 Exception <a 'sun/nio/fs/WindowsException'{0x00000000eb65f7f0}> (0x00000000eb65f7f0) 
thrown [s\src\hotspot\share\prims\jni.cpp, line 516]
Event: 35.335 Thread 0x000001717c621f80 Exception <a 'java/io/FileNotFoundException'{0x00000000eb668cf0}> (0x00000000eb668cf0) 
thrown [s\src\hotspot\share\prims\jni.cpp, line 516]
Event: 35.355 Thread 0x000001717c621f80 Exception <a 'sun/nio/fs/WindowsException'{0x00000000eb7196c0}> (0x00000000eb7196c0) 
thrown [s\src\hotspot\share\prims\jni.cpp, line 516]
Event: 35.442 Thread 0x000001717c621f80 Exception <a 'java/io/FileNotFoundException'{0x00000000eb7b0238}> (0x00000000eb7b0238) 
thrown [s\src\hotspot\share\prims\jni.cpp, line 516]
Event: 35.451 Thread 0x000001717c621f80 Exception <a 'java/io/FileNotFoundException'{0x00000000eb7d5458}> (0x00000000eb7d5458) 
thrown [s\src\hotspot\share\prims\jni.cpp, line 516]
Event: 35.451 Thread 0x000001717c621f80 Exception <a 'java/io/FileNotFoundException'{0x00000000eb7d6720}> (0x00000000eb7d6720) 
thrown [s\src\hotspot\share\prims\jni.cpp, line 516]
Event: 35.457 Thread 0x000001717c621f80 Exception <a 'sun/nio/fs/WindowsException'{0x00000000eb7e51e0}> (0x00000000eb7e51e0) 
thrown [s\src\hotspot\share\prims\jni.cpp, line 516]
Event: 35.587 Thread 0x000001717c621f80 Exception <a 'java/lang/NoSuchMethodError'{0x00000000ebb977e8}: 'java.lang.Object java.lang.invoke.Invokers$Holder.invoke_MT(java.lang.Object, java.lang.Object, java.lang.Object)'> (0x00000000ebb977e8) 
thrown [s\src\hotspot\share\interpreter\linkResolver.cpp, line 759]
Event: 36.350 Thread 0x000001717c621f80 Exception <a 'java/io/FileNotFoundException'{0x00000000eab88d38}> (0x00000000eab88d38) 
thrown [s\src\hotspot\share\prims\jni.cpp, line 516]
Event: 36.650 Thread 0x000001717d364f00 Exception <a 'java/lang/ClassNotFoundException'{0x00000000eafd4618}: com/sun/org/apache/xerces/internal/impl/msg/spi/DOMMessagesProvider> (0x00000000eafd4618) 
thrown [s\src\hotspot\share\classfile\systemDictionary.cpp, line 256]
Event: 36.652 Thread 0x000001717d364f00 Exception <a 'java/lang/ClassNotFoundException'{0x00000000eafe6278}: com/sun/org/apache/xerces/internal/impl/msg/spi/XMLSerializerMessagesProvider> (0x00000000eafe6278) 
thrown [s\src\hotspot\share\classfile\systemDictionary.cpp, line 256]
Event: 36.653 Thread 0x000001717d364f00 Exception <a 'java/lang/ClassNotFoundException'{0x00000000eaff39b0}: com/sun/org/apache/xerces/internal/impl/msg/spi/XMLMessagesProvider> (0x00000000eaff39b0) 
thrown [s\src\hotspot\share\classfile\systemDictionary.cpp, line 256]
Event: 36.722 Thread 0x000001717d364f00 Exception <a 'java/io/FileNotFoundException'{0x00000000eb0fa1b0}> (0x00000000eb0fa1b0) 
thrown [s\src\hotspot\share\prims\jni.cpp, line 516]
Event: 36.732 Thread 0x000001717d364f00 Exception <a 'java/io/FileNotFoundException'{0x00000000eb1f2628}> (0x00000000eb1f2628) 
thrown [s\src\hotspot\share\prims\jni.cpp, line 516]
Event: 36.759 Thread 0x000001717d364f00 Exception <a 'java/io/FileNotFoundException'{0x00000000eb2f9c88}> (0x00000000eb2f9c88) 
thrown [s\src\hotspot\share\prims\jni.cpp, line 516]
Event: 36.781 Thread 0x000001717d364f00 Exception <a 'java/io/FileNotFoundException'{0x00000000eb3f0678}> (0x00000000eb3f0678) 
thrown [s\src\hotspot\share\prims\jni.cpp, line 516]
Event: 36.785 Thread 0x000001717d364f00 Exception <a 'java/io/FileNotFoundException'{0x00000000eb3f1688}> (0x00000000eb3f1688) 
thrown [s\src\hotspot\share\prims\jni.cpp, line 516]
Event: 37.941 Thread 0x000001717c621f80 Exception <a 'java/lang/NoSuchMethodError'{0x00000000eac77578}: 'int java.lang.invoke.DirectMethodHandle$Holder.invokeVirtual(java.lang.Object, java.lang.Object)'> (0x00000000eac77578) 
thrown [s\src\hotspot\share\interpreter\linkResolver.cpp, line 759]
Event: 38.381 Thread 0x000001717d362170 Implicit null exception at 0x000001716ce496ac to 0x000001716ce4979c
Event: 41.349 Thread 0x000001717d362170 Implicit null exception at 0x000001716cef8250 to 0x000001716cefc7f0

VM Operations (20 events):
Event: 61.550 Executing VM operation: ParallelGCFailedAllocation
Event: 61.554 Executing VM operation: ParallelGCFailedAllocation done
Event: 61.583 Executing VM operation: ParallelGCFailedAllocation
Event: 61.588 Executing VM operation: ParallelGCFailedAllocation done
Event: 61.641 Executing VM operation: ParallelGCFailedAllocation
Event: 61.649 Executing VM operation: ParallelGCFailedAllocation done
Event: 61.687 Executing VM operation: ParallelGCFailedAllocation
Event: 62.291 Executing VM operation: ParallelGCFailedAllocation done
Event: 62.471 Executing VM operation: ParallelGCFailedAllocation
Event: 62.506 Executing VM operation: ParallelGCFailedAllocation done
Event: 63.748 Executing VM operation: ParallelGCFailedAllocation
Event: 63.767 Executing VM operation: ParallelGCFailedAllocation done
Event: 64.682 Executing VM operation: ParallelGCFailedAllocation
Event: 64.693 Executing VM operation: ParallelGCFailedAllocation done
Event: 65.311 Executing VM operation: ParallelGCFailedAllocation
Event: 65.343 Executing VM operation: ParallelGCFailedAllocation done
Event: 68.363 Executing VM operation: Cleanup
Event: 70.894 Executing VM operation: Cleanup done
Event: 71.131 Executing VM operation: ParallelGCFailedAllocation
Event: 71.184 Executing VM operation: ParallelGCFailedAllocation done

Events (20 events):
Event: 39.956 loading class java/security/DigestInputStream
Event: 39.957 loading class java/security/DigestInputStream done
Event: 40.205 Thread 0x000001717d3630a0 Thread added: 0x000001717d3630a0
Event: 40.238 loading class java/util/concurrent/CopyOnWriteArraySet
Event: 40.239 loading class java/util/concurrent/CopyOnWriteArraySet done
Event: 40.353 loading class java/util/concurrent/ArrayBlockingQueue
Event: 40.354 loading class java/util/concurrent/ArrayBlockingQueue done
Event: 40.419 Thread 0x000001717d3635b0 Thread added: 0x000001717d3635b0
Event: 40.857 loading class java/io/FileFilter
Event: 40.859 loading class java/io/FileFilter done
Event: 40.900 loading class java/util/concurrent/ConcurrentHashMap$ValueSpliterator
Event: 40.901 loading class java/util/concurrent/ConcurrentHashMap$ValueSpliterator done
Event: 40.904 loading class jdk/internal/loader/BootLoader$PackageHelper
Event: 40.905 loading class jdk/internal/loader/BootLoader$PackageHelper done
Event: 42.670 Thread 0x000001717da7f050 Thread exited: 0x000001717da7f050
Event: 42.670 Thread 0x000001717d981ea0 Thread exited: 0x000001717d981ea0
Event: 44.279 Thread 0x0000017101366af0 Thread added: 0x0000017101366af0
Event: 44.640 Thread 0x0000017101366af0 Thread exited: 0x0000017101366af0
Event: 47.504 Thread 0x000001717d360d30 Thread exited: 0x000001717d360d30
Event: 71.218 Thread 0x000001717c5e3a20 Thread added: 0x000001717c5e3a20


Dynamic libraries:
0x00007ff67e8d0000 - 0x00007ff67e8de000 	c:\Users\User\.vscode\extensions\redhat.java-1.24.0-win32-x64\jre\17.0.8.1-win32-x86_64\bin\java.exe
0x00007ffe00930000 - 0x00007ffe00b47000 	C:\WINDOWS\SYSTEM32\ntdll.dll
0x00007ffdff300000 - 0x00007ffdff3c4000 	C:\WINDOWS\System32\KERNEL32.DLL
0x00007ffdfe230000 - 0x00007ffdfe5d5000 	C:\WINDOWS\System32\KERNELBASE.dll
0x00007ffdfdf60000 - 0x00007ffdfe071000 	C:\WINDOWS\System32\ucrtbase.dll
0x00007ffdf1c20000 - 0x00007ffdf1c37000 	c:\Users\User\.vscode\extensions\redhat.java-1.24.0-win32-x64\jre\17.0.8.1-win32-x86_64\bin\jli.dll
0x00007ffe00580000 - 0x00007ffe0072e000 	C:\WINDOWS\System32\USER32.dll
0x00007ffdfdca0000 - 0x00007ffdfdcc6000 	C:\WINDOWS\System32\win32u.dll
0x00007ffdffcd0000 - 0x00007ffdffcf9000 	C:\WINDOWS\System32\GDI32.dll
0x00007ffdfdcd0000 - 0x00007ffdfdde9000 	C:\WINDOWS\System32\gdi32full.dll
0x00007ffdfe5e0000 - 0x00007ffdfe67a000 	C:\WINDOWS\System32\msvcp_win.dll
0x00007ffdee290000 - 0x00007ffdee2a9000 	c:\Users\User\.vscode\extensions\redhat.java-1.24.0-win32-x64\jre\17.0.8.1-win32-x86_64\bin\VCRUNTIME140.dll
0x00007ffdf0280000 - 0x00007ffdf0513000 	C:\WINDOWS\WinSxS\amd64_microsoft.windows.common-controls_6595b64144ccf1df_6.0.22621.2506_none_270c5ae97388e100\COMCTL32.dll
0x00007ffdff7c0000 - 0x00007ffdff867000 	C:\WINDOWS\System32\msvcrt.dll
0x00007ffdfec50000 - 0x00007ffdfec81000 	C:\WINDOWS\System32\IMM32.DLL
0x00007ffdf8250000 - 0x00007ffdf825c000 	c:\Users\User\.vscode\extensions\redhat.java-1.24.0-win32-x64\jre\17.0.8.1-win32-x86_64\bin\vcruntime140_1.dll
0x00007ffdb4850000 - 0x00007ffdb48e1000 	c:\Users\User\.vscode\extensions\redhat.java-1.24.0-win32-x64\jre\17.0.8.1-win32-x86_64\bin\msvcp140.dll
0x00007ffd477d0000 - 0x00007ffd4841c000 	c:\Users\User\.vscode\extensions\redhat.java-1.24.0-win32-x64\jre\17.0.8.1-win32-x86_64\bin\server\jvm.dll
0x00007ffdff6f0000 - 0x00007ffdff7a1000 	C:\WINDOWS\System32\ADVAPI32.dll
0x00007ffdffb70000 - 0x00007ffdffc16000 	C:\WINDOWS\System32\sechost.dll
0x00007ffdff950000 - 0x00007ffdffa67000 	C:\WINDOWS\System32\RPCRT4.dll
0x00007ffdfcff0000 - 0x00007ffdfd03d000 	C:\WINDOWS\SYSTEM32\POWRPROF.dll
0x00007ffdf1950000 - 0x00007ffdf1959000 	C:\WINDOWS\SYSTEM32\WSOCK32.dll
0x00007ffdf8130000 - 0x00007ffdf8164000 	C:\WINDOWS\SYSTEM32\WINMM.dll
0x00007ffdff8d0000 - 0x00007ffdff941000 	C:\WINDOWS\System32\WS2_32.dll
0x00007ffdf8f40000 - 0x00007ffdf8f4a000 	C:\WINDOWS\SYSTEM32\VERSION.dll
0x00007ffdfcf80000 - 0x00007ffdfcf93000 	C:\WINDOWS\SYSTEM32\UMPDC.dll
0x00007ffdfccb0000 - 0x00007ffdfccc8000 	C:\WINDOWS\SYSTEM32\kernel.appcore.dll
0x00007ffdf2220000 - 0x00007ffdf222a000 	c:\Users\User\.vscode\extensions\redhat.java-1.24.0-win32-x64\jre\17.0.8.1-win32-x86_64\bin\jimage.dll
0x00007ffdfb4d0000 - 0x00007ffdfb703000 	C:\WINDOWS\SYSTEM32\DBGHELP.DLL
0x00007ffdfef60000 - 0x00007ffdff2e9000 	C:\WINDOWS\System32\combase.dll
0x00007ffdfe680000 - 0x00007ffdfe757000 	C:\WINDOWS\System32\OLEAUT32.dll
0x00007ffdf3110000 - 0x00007ffdf3142000 	C:\WINDOWS\SYSTEM32\dbgcore.DLL
0x00007ffdfe0f0000 - 0x00007ffdfe16a000 	C:\WINDOWS\System32\bcryptPrimitives.dll
0x00007ffdf1b90000 - 0x00007ffdf1b9e000 	c:\Users\User\.vscode\extensions\redhat.java-1.24.0-win32-x64\jre\17.0.8.1-win32-x86_64\bin\instrument.dll
0x00007ffdebe10000 - 0x00007ffdebe35000 	c:\Users\User\.vscode\extensions\redhat.java-1.24.0-win32-x64\jre\17.0.8.1-win32-x86_64\bin\java.dll
0x00007ffdebdf0000 - 0x00007ffdebe08000 	c:\Users\User\.vscode\extensions\redhat.java-1.24.0-win32-x64\jre\17.0.8.1-win32-x86_64\bin\zip.dll
0x00007ffdffd20000 - 0x00007ffe00579000 	C:\WINDOWS\System32\SHELL32.dll
0x00007ffdfbbc0000 - 0x00007ffdfc4b4000 	C:\WINDOWS\SYSTEM32\windows.storage.dll
0x00007ffdfba80000 - 0x00007ffdfbbbe000 	C:\WINDOWS\SYSTEM32\wintypes.dll
0x00007ffdfecf0000 - 0x00007ffdfede3000 	C:\WINDOWS\System32\SHCORE.dll
0x00007ffdff870000 - 0x00007ffdff8ce000 	C:\WINDOWS\System32\shlwapi.dll
0x00007ffdfdbd0000 - 0x00007ffdfdbf6000 	C:\WINDOWS\SYSTEM32\profapi.dll
0x00007ffdebdd0000 - 0x00007ffdebde9000 	C:\Users\User\.vscode\extensions\redhat.java-1.24.0-win32-x64\jre\17.0.8.1-win32-x86_64\bin\net.dll
0x00007ffdf93b0000 - 0x00007ffdf94e7000 	C:\WINDOWS\SYSTEM32\WINHTTP.dll
0x00007ffdfd210000 - 0x00007ffdfd279000 	C:\WINDOWS\system32\mswsock.dll
0x00007ffdebb80000 - 0x00007ffdebb95000 	C:\Users\User\.vscode\extensions\redhat.java-1.24.0-win32-x64\jre\17.0.8.1-win32-x86_64\bin\nio.dll
0x00007ffdf1b20000 - 0x00007ffdf1b30000 	c:\Users\User\.vscode\extensions\redhat.java-1.24.0-win32-x64\jre\17.0.8.1-win32-x86_64\bin\verify.dll
0x00007ffdcf4e0000 - 0x00007ffdcf51e000 	C:\Users\User\AppData\Roaming\Code\User\globalStorage\redhat.java\1.24.0\config_win\org.eclipse.equinox.launcher\org.eclipse.equinox.launcher.win32.win32.x86_64_1.2.700.v20221108-1024\eclipse_11801.dll
0x00007ffdff3d0000 - 0x00007ffdff570000 	C:\WINDOWS\System32\ole32.dll
0x00007ffdf1980000 - 0x00007ffdf1989000 	C:\Users\User\.vscode\extensions\redhat.java-1.24.0-win32-x64\jre\17.0.8.1-win32-x86_64\bin\management.dll
0x00007ffdf1880000 - 0x00007ffdf188b000 	C:\Users\User\.vscode\extensions\redhat.java-1.24.0-win32-x64\jre\17.0.8.1-win32-x86_64\bin\management_ext.dll
0x00007ffdfef40000 - 0x00007ffdfef48000 	C:\WINDOWS\System32\PSAPI.DLL
0x00007ffdfd460000 - 0x00007ffdfd47b000 	C:\WINDOWS\SYSTEM32\CRYPTSP.dll
0x00007ffdfcc70000 - 0x00007ffdfcca5000 	C:\WINDOWS\system32\rsaenh.dll
0x00007ffdfd300000 - 0x00007ffdfd32c000 	C:\WINDOWS\SYSTEM32\USERENV.dll
0x00007ffdfd650000 - 0x00007ffdfd678000 	C:\WINDOWS\SYSTEM32\bcrypt.dll
0x00007ffdfd480000 - 0x00007ffdfd48c000 	C:\WINDOWS\SYSTEM32\CRYPTBASE.dll
0x00007ffdfc760000 - 0x00007ffdfc78d000 	C:\WINDOWS\SYSTEM32\IPHLPAPI.DLL
0x00007ffdff2f0000 - 0x00007ffdff2f9000 	C:\WINDOWS\System32\NSI.dll
0x00007ffdf7f50000 - 0x00007ffdf7f69000 	C:\WINDOWS\SYSTEM32\dhcpcsvc6.DLL
0x00007ffdf7f30000 - 0x00007ffdf7f4f000 	C:\WINDOWS\SYSTEM32\dhcpcsvc.DLL
0x00007ffdfc790000 - 0x00007ffdfc889000 	C:\WINDOWS\SYSTEM32\DNSAPI.dll
0x00007ffdb7c50000 - 0x00007ffdb7c95000 	C:\Users\User\AppData\Local\Temp\jna-2645995\jna14202196766834784922.dll
0x00007ffdee820000 - 0x00007ffdee82e000 	C:\Users\User\.vscode\extensions\redhat.java-1.24.0-win32-x64\jre\17.0.8.1-win32-x86_64\bin\sunmscapi.dll
0x00007ffdfddf0000 - 0x00007ffdfdf56000 	C:\WINDOWS\System32\CRYPT32.dll
0x00007ffdfd620000 - 0x00007ffdfd64d000 	C:\WINDOWS\SYSTEM32\ncrypt.dll
0x00007ffdfd5e0000 - 0x00007ffdfd617000 	C:\WINDOWS\SYSTEM32\NTASN1.dll
0x00007ffdf3470000 - 0x00007ffdf347a000 	C:\Windows\System32\rasadhlp.dll
0x00007ffdf35e0000 - 0x00007ffdf3663000 	C:\WINDOWS\System32\fwpuclnt.dll
0x00007ffdb1370000 - 0x00007ffdb1397000 	C:\Users\User\.gradle\native\68d5fa5c4cc2d200863cafc0d521ce42e7d3e7ee720ec0a83991735586a16f82\windows-amd64\native-platform.dll

dbghelp: loaded successfully - version: 4.0.5 - missing functions: none
symbol engine: initialized successfully - sym options: 0x614 - pdb path: .;c:\Users\User\.vscode\extensions\redhat.java-1.24.0-win32-x64\jre\17.0.8.1-win32-x86_64\bin;C:\WINDOWS\SYSTEM32;C:\WINDOWS\WinSxS\amd64_microsoft.windows.common-controls_6595b64144ccf1df_6.0.22621.2506_none_270c5ae97388e100;c:\Users\User\.vscode\extensions\redhat.java-1.24.0-win32-x64\jre\17.0.8.1-win32-x86_64\bin\server;C:\Users\User\AppData\Roaming\Code\User\globalStorage\redhat.java\1.24.0\config_win\org.eclipse.equinox.launcher\org.eclipse.equinox.launcher.win32.win32.x86_64_1.2.700.v20221108-1024;C:\Users\User\AppData\Local\Temp\jna-2645995;C:\Users\User\.gradle\native\68d5fa5c4cc2d200863cafc0d521ce42e7d3e7ee720ec0a83991735586a16f82\windows-amd64

VM Arguments:
jvm_args: --add-modules=ALL-SYSTEM --add-opens=java.base/java.util=ALL-UNNAMED --add-opens=java.base/java.lang=ALL-UNNAMED --add-opens=java.base/sun.nio.fs=ALL-UNNAMED -Declipse.application=org.eclipse.jdt.ls.core.id1 -Dosgi.bundles.defaultStartLevel=4 -Declipse.product=org.eclipse.jdt.ls.core.product -Djava.import.generatesMetadataFilesAtProjectRoot=false -DDetectVMInstallationsJob.disabled=true -Dfile.encoding=utf8 -XX:+UseParallelGC -XX:GCTimeRatio=4 -XX:AdaptiveSizePolicyWeight=90 -Dsun.zip.disableMemoryMapping=true -Xmx1G -Xms100m -Xlog:disable -javaagent:c:\Users\User\.vscode\extensions\redhat.java-1.24.0-win32-x64\lombok\lombok-1.18.30.jar -XX:+HeapDumpOnOutOfMemoryError -XX:HeapDumpPath=c:\Users\User\AppData\Roaming\Code\User\workspaceStorage\78fe2800ceaa647071d4d764bac837f3\redhat.java -Daether.dependencyCollector.impl=bf 
java_command: c:\Users\User\.vscode\extensions\redhat.java-1.24.0-win32-x64\server\plugins\org.eclipse.equinox.launcher_1.6.500.v20230717-2134.jar -configuration c:\Users\User\AppData\Roaming\Code\User\globalStorage\redhat.java\1.24.0\config_win -data c:\Users\User\AppData\Roaming\Code\User\workspaceStorage\78fe2800ceaa647071d4d764bac837f3\redhat.java\jdt_ws --stdio
java_class_path (initial): c:\Users\User\.vscode\extensions\redhat.java-1.24.0-win32-x64\server\plugins\org.eclipse.equinox.launcher_1.6.500.v20230717-2134.jar
Launcher Type: SUN_STANDARD

[Global flags]
    uintx AdaptiveSizePolicyWeight                 = 90                                        {product} {command line}
     intx CICompilerCount                          = 4                                         {product} {ergonomic}
    uintx GCTimeRatio                              = 4                                         {product} {command line}
     bool HeapDumpOnOutOfMemoryError               = true                                   {manageable} {command line}
    ccstr HeapDumpPath                             = c:\Users\User\AppData\Roaming\Code\User\workspaceStorage\78fe2800ceaa647071d4d764bac837f3\redhat.java         {manageable} {command line}
   size_t InitialHeapSize                          = 104857600                                 {product} {command line}
   size_t MaxHeapSize                              = 1073741824                                {product} {command line}
   size_t MaxNewSize                               = 357564416                                 {product} {ergonomic}
   size_t MinHeapDeltaBytes                        = 524288                                    {product} {ergonomic}
   size_t MinHeapSize                              = 104857600                                 {product} {command line}
   size_t NewSize                                  = 34603008                                  {product} {ergonomic}
    uintx NonNMethodCodeHeapSize                   = 5839372                                {pd product} {ergonomic}
    uintx NonProfiledCodeHeapSize                  = 122909434                              {pd product} {ergonomic}
   size_t OldSize                                  = 70254592                                  {product} {ergonomic}
    uintx ProfiledCodeHeapSize                     = 122909434                              {pd product} {ergonomic}
    uintx ReservedCodeCacheSize                    = 251658240                              {pd product} {ergonomic}
     bool SegmentedCodeCache                       = true                                      {product} {ergonomic}
   size_t SoftMaxHeapSize                          = 1073741824                             {manageable} {ergonomic}
     bool UseCompressedClassPointers               = true                           {product lp64_product} {ergonomic}
     bool UseCompressedOops                        = true                           {product lp64_product} {ergonomic}
     bool UseLargePagesIndividualAllocation        = false                                  {pd product} {ergonomic}
     bool UseParallelGC                            = true                                      {product} {command line}

Logging:
Log output configuration:
 #0: stdout all=off uptime,level,tags
 #1: stderr all=off uptime,level,tags

Environment Variables:
PATH=C:\Program Files\Common Files\Oracle\Java\javapath;C:\Program Files (x86)\Common Files\Oracle\Java\javapath;C:\Program Files (x86)\Common Files\Intel\Shared Files\cpp\bin\Intel64;C:\Windows\system32;C:\Windows;C:\Windows\System32\Wbem;C:\Windows\System32\WindowsPowerShell\v1.0\;C:\Windows\System32\OpenSSH\;C:\Program Files (x86)\NVIDIA Corporation\PhysX\Common;C:\Program Files\NVIDIA Corporation\NVIDIA NvDLISR;C:\MinGW\bin;C:\WINDOWS\system32;C:\WINDOWS;C:\WINDOWS\System32\Wbem;C:\WINDOWS\System32\WindowsPowerShell\v1.0\;C:\WINDOWS\System32\OpenSSH\;C:\xampp\php;C:\Program Files\Java\jdk-17.0.2\bin;C:\Program Files\Microsoft SQL Server\120\DTS\Binn\;C:\Program Files\Microsoft SQL Server\Client SDK\ODBC\110\Tools\Binn\;C:\Program Files (x86)\Microsoft SQL Server\120\Tools\Binn\;C:\Program Files\Microsoft SQL Server\120\Tools\Binn\;C:\Program Files (x86)\Microsoft SQL Server\120\Tools\Binn\ManagementStudio\;C:\Program Files (x86)\Microsoft SQL Server\120\DTS\Binn\;C:\Program Files\Go\bin;C:\composer;C:\Program Files\flutter\bin;C:\Program Files\Git\cmd;C:\Program Files (x86)\nodejs\;C:\Program Files\dotnet\;C:\metasploit-framework\bin\;C:\Users\User\AppData\Local\Microsoft\WindowsApps;C:\Users\User\AppData\Local\Programs\Microsoft VS Code\bin;C:\Users\User\go\bin;C:\Users\User\AppData\Roaming\Composer\vendor\bin;C:\Users\User\AppData\Roaming\npm;C:\Users\User\.dotnet\tools;C:\Program Files (x86)\Nmap
USERNAME=User
OS=Windows_NT
PROCESSOR_IDENTIFIER=Intel64 Family 6 Model 140 Stepping 1, GenuineIntel
TMP=C:\Users\User\AppData\Local\Temp
TEMP=C:\Users\User\AppData\Local\Temp



---------------  S Y S T E M  ---------------

OS:
 Windows 11 , 64 bit Build 22621 (10.0.22621.2506)
OS uptime: 2 days 2:51 hours

CPU: total 8 (initial active 8) (4 cores per cpu, 2 threads per core) family 6 model 140 stepping 1 microcode 0x86, cx8, cmov, fxsr, ht, mmx, 3dnowpref, sse, sse2, sse3, ssse3, sse4.1, sse4.2, popcnt, lzcnt, tsc, tscinvbit, avx, avx2, aes, erms, clmul, bmi1, bmi2, adx, avx512f, avx512dq, avx512cd, avx512bw, avx512vl, sha, fma, vzeroupper, avx512_vpopcntdq, avx512_vpclmulqdq, avx512_vaes, avx512_vnni, clflush, clflushopt, clwb, avx512_vbmi2, avx512_vbmi
Processor Information for processor 0
  Max Mhz: 2419, Current Mhz: 2419, Mhz Limit: 2419
Processor Information for processor 1
  Max Mhz: 2419, Current Mhz: 2419, Mhz Limit: 2419
Processor Information for processor 2
  Max Mhz: 2419, Current Mhz: 1007, Mhz Limit: 2419
Processor Information for processor 3
  Max Mhz: 2419, Current Mhz: 2419, Mhz Limit: 2419
Processor Information for processor 4
  Max Mhz: 2419, Current Mhz: 2419, Mhz Limit: 2419
Processor Information for processor 5
  Max Mhz: 2419, Current Mhz: 2419, Mhz Limit: 2419
Processor Information for processor 6
  Max Mhz: 2419, Current Mhz: 2419, Mhz Limit: 2419
Processor Information for processor 7
  Max Mhz: 2419, Current Mhz: 2419, Mhz Limit: 2419

Memory: 4k page, system-wide physical 7886M (443M free)
TotalPageFile size 15859M (AvailPageFile size 0M)
current process WorkingSet (physical memory assigned to process): 512M, peak: 514M
current process commit charge ("private bytes"): 524M, peak: 528M

vm_info: OpenJDK 64-Bit Server VM (17.0.8.1+1) for windows-amd64 JRE (17.0.8.1+1), built on Aug 23 2023 15:29:17 by "admin" with MS VC++ 16.7 (VS2019)

END.
