#
# There is insufficient memory for the Java Runtime Environment to continue.
# Native memory allocation (malloc) failed to allocate 743616 bytes for Chunk::new
# Possible reasons:
#   The system is out of physical RAM or swap space
#   The process is running with CompressedOops enabled, and the Java Heap may be blocking the growth of the native heap
# Possible solutions:
#   Reduce memory load on the system
#   Increase physical memory or swap space
#   Check if swap backing store is full
#   Decrease Java heap size (-Xmx/-Xms)
#   Decrease number of Java threads
#   Decrease Java thread stack sizes (-Xss)
#   Set larger code cache with -XX:ReservedCodeCacheSize=
#   JVM is running with Unscaled Compressed Oops mode in which the Java heap is
#     placed in the first 4GB address space. The Java Heap base address is the
#     maximum limit for the native heap growth. Please use -XX:HeapBaseMinAddress
#     to set the Java Heap base and to place the Java Heap above 4GB virtual address.
# This output file may be truncated or incomplete.
#
#  Out of Memory Error (arena.cpp:189), pid=25324, tid=17952
#
# JRE version: OpenJDK Runtime Environment Temurin-17.0.8.1+1 (17.0.8.1+1) (build 17.0.8.1+1)
# Java VM: OpenJDK 64-Bit Server VM Temurin-17.0.8.1+1 (17.0.8.1+1, mixed mode, tiered, compressed oops, compressed class ptrs, parallel gc, windows-amd64)
# No core dump will be written. Minidumps are not enabled by default on client versions of Windows
#

---------------  S U M M A R Y ------------

Command Line: --add-modules=ALL-SYSTEM --add-opens=java.base/java.util=ALL-UNNAMED --add-opens=java.base/java.lang=ALL-UNNAMED --add-opens=java.base/sun.nio.fs=ALL-UNNAMED -Declipse.application=org.eclipse.jdt.ls.core.id1 -Dosgi.bundles.defaultStartLevel=4 -Declipse.product=org.eclipse.jdt.ls.core.product -Djava.import.generatesMetadataFilesAtProjectRoot=false -DDetectVMInstallationsJob.disabled=true -Dfile.encoding=utf8 -XX:+UseParallelGC -XX:GCTimeRatio=4 -XX:AdaptiveSizePolicyWeight=90 -Dsun.zip.disableMemoryMapping=true -Xmx1G -Xms100m -Xlog:disable -javaagent:c:\Users\User\.vscode\extensions\redhat.java-1.24.0-win32-x64\lombok\lombok-1.18.30.jar c:\Users\User\.vscode\extensions\redhat.java-1.24.0-win32-x64\server\plugins\org.eclipse.equinox.launcher_1.6.500.v20230717-2134.jar -configuration c:\Users\User\AppData\Roaming\Code\User\globalStorage\redhat.java\1.24.0\config_ss_win -data c:\Users\User\AppData\Roaming\Code\User\workspaceStorage\78fe2800ceaa647071d4d764bac837f3\redhat.java\ss_ws --stdio

Host: 11th Gen Intel(R) Core(TM) i5-1135G7 @ 2.40GHz, 8 cores, 7G,  Windows 11 , 64 bit Build 22621 (10.0.22621.2506)
Time: Sun Nov 26 20:08:05 2023 SE Asia Standard Time elapsed time: 22.888811 seconds (0d 0h 0m 22s)

---------------  T H R E A D  ---------------

Current thread (0x000001a96ed34810):  JavaThread "C2 CompilerThread0" daemon [_thread_in_native, id=17952, stack(0x0000003d5f800000,0x0000003d5f900000)]


Current CompileTask:
C2:  22888 2701       4       jdk.internal.org.objectweb.asm.Frame::execute (2318 bytes)

Stack: [0x0000003d5f800000,0x0000003d5f900000]
Native frames: (J=compiled Java code, j=interpreted, Vv=VM code, C=native code)
V  [jvm.dll+0x678b0a]
V  [jvm.dll+0x835e84]
V  [jvm.dll+0x83762e]
V  [jvm.dll+0x837c93]
V  [jvm.dll+0x24746f]
V  [jvm.dll+0xac20c]
V  [jvm.dll+0xac7dc]
V  [jvm.dll+0x2ae7af]
V  [jvm.dll+0x581427]
V  [jvm.dll+0x222602]
V  [jvm.dll+0x2229df]
V  [jvm.dll+0x21ba55]
V  [jvm.dll+0x218f0b]
V  [jvm.dll+0x1a534d]
V  [jvm.dll+0x228d8a]
V  [jvm.dll+0x226dcc]
V  [jvm.dll+0x7ec09b]
V  [jvm.dll+0x7e64ca]
V  [jvm.dll+0x677955]
C  [ucrtbase.dll+0x29363]
C  [KERNEL32.DLL+0x1257d]
C  [ntdll.dll+0x5aa58]


---------------  P R O C E S S  ---------------

Threads class SMR info:
_java_thread_list=0x000001a970b85fe0, length=22, elements={
0x000001a953edb870, 0x000001a969c93420, 0x000001a969c959a0, 0x000001a969c9e3b0,
0x000001a96ed28f60, 0x000001a96ed2a1d0, 0x000001a96ed2d4e0, 0x000001a96ed34810,
0x000001a96ed37280, 0x000001a96ed3a430, 0x000001a953f41120, 0x000001a96f07fdb0,
0x000001a970459cb0, 0x000001a970259020, 0x000001a9702ec2a0, 0x000001a9700e0cd0,
0x000001a96feda8f0, 0x000001a96fed94b0, 0x000001a96fed99c0, 0x000001a96fed9ed0,
0x000001a96fedb310, 0x000001a96fedb820
}

Java Threads: ( => current thread )
  0x000001a953edb870 JavaThread "main" [_thread_in_native, id=16496, stack(0x0000003d5ef00000,0x0000003d5f000000)]
  0x000001a969c93420 JavaThread "Reference Handler" daemon [_thread_blocked, id=15840, stack(0x0000003d5f200000,0x0000003d5f300000)]
  0x000001a969c959a0 JavaThread "Finalizer" daemon [_thread_blocked, id=25604, stack(0x0000003d5f300000,0x0000003d5f400000)]
  0x000001a969c9e3b0 JavaThread "Signal Dispatcher" daemon [_thread_blocked, id=14964, stack(0x0000003d5f400000,0x0000003d5f500000)]
  0x000001a96ed28f60 JavaThread "Attach Listener" daemon [_thread_blocked, id=4260, stack(0x0000003d5f500000,0x0000003d5f600000)]
  0x000001a96ed2a1d0 JavaThread "Service Thread" daemon [_thread_blocked, id=8064, stack(0x0000003d5f600000,0x0000003d5f700000)]
  0x000001a96ed2d4e0 JavaThread "Monitor Deflation Thread" daemon [_thread_blocked, id=12732, stack(0x0000003d5f700000,0x0000003d5f800000)]
=>0x000001a96ed34810 JavaThread "C2 CompilerThread0" daemon [_thread_in_native, id=17952, stack(0x0000003d5f800000,0x0000003d5f900000)]
  0x000001a96ed37280 JavaThread "C1 CompilerThread0" daemon [_thread_blocked, id=11600, stack(0x0000003d5f900000,0x0000003d5fa00000)]
  0x000001a96ed3a430 JavaThread "Sweeper thread" daemon [_thread_blocked, id=5488, stack(0x0000003d5fa00000,0x0000003d5fb00000)]
  0x000001a953f41120 JavaThread "Common-Cleaner" daemon [_thread_blocked, id=7708, stack(0x0000003d5fb00000,0x0000003d5fc00000)]
  0x000001a96f07fdb0 JavaThread "Notification Thread" daemon [_thread_blocked, id=15960, stack(0x0000003d5fc00000,0x0000003d5fd00000)]
  0x000001a970459cb0 JavaThread "Active Thread: Equinox Container: f130e6a9-f336-4fff-a0cd-f977d4b65a64" [_thread_blocked, id=14180, stack(0x0000003d60500000,0x0000003d60600000)]
  0x000001a970259020 JavaThread "Framework Event Dispatcher: Equinox Container: f130e6a9-f336-4fff-a0cd-f977d4b65a64" daemon [_thread_blocked, id=4268, stack(0x0000003d60400000,0x0000003d60500000)]
  0x000001a9702ec2a0 JavaThread "Start Level: Equinox Container: f130e6a9-f336-4fff-a0cd-f977d4b65a64" daemon [_thread_blocked, id=16044, stack(0x0000003d60600000,0x0000003d60700000)]
  0x000001a9700e0cd0 JavaThread "SCR Component Actor" daemon [_thread_blocked, id=12932, stack(0x0000003d60700000,0x0000003d60800000)]
  0x000001a96feda8f0 JavaThread "Worker-JM" [_thread_blocked, id=23320, stack(0x0000003d60a00000,0x0000003d60b00000)]
  0x000001a96fed94b0 JavaThread "Worker-0" [_thread_blocked, id=7760, stack(0x0000003d60b00000,0x0000003d60c00000)]
  0x000001a96fed99c0 JavaThread "Worker-1" [_thread_blocked, id=17764, stack(0x0000003d60c00000,0x0000003d60d00000)]
  0x000001a96fed9ed0 JavaThread "Worker-2" [_thread_blocked, id=27412, stack(0x0000003d60d00000,0x0000003d60e00000)]
  0x000001a96fedb310 JavaThread "JNA Cleaner" daemon [_thread_blocked, id=17560, stack(0x0000003d60e00000,0x0000003d60f00000)]
  0x000001a96fedb820 JavaThread "pool-2-thread-1" [_thread_blocked, id=1052, stack(0x0000003d60900000,0x0000003d60a00000)]

Other Threads:
  0x000001a953f86d20 VMThread "VM Thread" [stack: 0x0000003d5f100000,0x0000003d5f200000] [id=25160]
  0x000001a96f080290 WatcherThread [stack: 0x0000003d5fd00000,0x0000003d5fe00000] [id=4652]
  0x000001a953eed420 GCTaskThread "GC Thread#0" [stack: 0x0000003d5f000000,0x0000003d5f100000] [id=24196]
  0x000001a9701d1b70 GCTaskThread "GC Thread#1" [stack: 0x0000003d5fe00000,0x0000003d5ff00000] [id=4048]
  0x000001a97041ecd0 GCTaskThread "GC Thread#2" [stack: 0x0000003d5ff00000,0x0000003d60000000] [id=23604]
  0x000001a97041ef90 GCTaskThread "GC Thread#3" [stack: 0x0000003d60000000,0x0000003d60100000] [id=13732]
  0x000001a97041f250 GCTaskThread "GC Thread#4" [stack: 0x0000003d60100000,0x0000003d60200000] [id=6740]
  0x000001a9704215f0 GCTaskThread "GC Thread#5" [stack: 0x0000003d60200000,0x0000003d60300000] [id=7624]
  0x000001a9704218b0 GCTaskThread "GC Thread#6" [stack: 0x0000003d60300000,0x0000003d60400000] [id=20404]
  0x000001a953e4c330 GCTaskThread "GC Thread#7" [stack: 0x0000003d60800000,0x0000003d60900000] [id=22064]

Threads with active compile tasks:
C2 CompilerThread0    22932 2701       4       jdk.internal.org.objectweb.asm.Frame::execute (2318 bytes)

VM state: not at safepoint (normal execution)

VM Mutex/Monitor currently owned by a thread: None

Heap address: 0x00000000c0000000, size: 1024 MB, Compressed Oops mode: 32-bit

CDS archive(s) not mapped
Compressed class space mapped at: 0x0000000100000000-0x0000000140000000, reserved size: 1073741824
Narrow klass base: 0x0000000000000000, Narrow klass shift: 3, Narrow klass range: 0x140000000

GC Precious Log:
 CPUs: 8 total, 8 available
 Memory: 7886M
 Large Page Support: Disabled
 NUMA Support: Disabled
 Compressed Oops: Enabled (32-bit)
 Alignments: Space 512K, Generation 512K, Heap 2M
 Heap Min Capacity: 100M
 Heap Initial Capacity: 100M
 Heap Max Capacity: 1G
 Pre-touch: Disabled
 Parallel Workers: 8

Heap:
 PSYoungGen      total 26112K, used 23645K [0x00000000eab00000, 0x00000000ec800000, 0x0000000100000000)
  eden space 24576K, 90% used [0x00000000eab00000,0x00000000ec0c33e8,0x00000000ec300000)
  from space 1536K, 88% used [0x00000000ec680000,0x00000000ec7d4068,0x00000000ec800000)
  to   space 2048K, 0% used [0x00000000ec400000,0x00000000ec400000,0x00000000ec600000)
 ParOldGen       total 68608K, used 7006K [0x00000000c0000000, 0x00000000c4300000, 0x00000000eab00000)
  object space 68608K, 10% used [0x00000000c0000000,0x00000000c06d7968,0x00000000c4300000)
 Metaspace       used 31555K, committed 32128K, reserved 1114112K
  class space    used 3145K, committed 3392K, reserved 1048576K

Card table byte_map: [0x000001a967510000,0x000001a967720000] _byte_map_base: 0x000001a966f10000

Marking Bits: (ParMarkBitMap*) 0x00007ffd483583a0
 Begin Bits: [0x000001a967880000, 0x000001a968880000)
 End Bits:   [0x000001a968880000, 0x000001a969880000)

Polling page: 0x000001a953f90000

Metaspace:

Usage:
  Non-class:     27.74 MB used.
      Class:      3.07 MB used.
       Both:     30.82 MB used.

Virtual space:
  Non-class space:       64.00 MB reserved,      28.06 MB ( 44%) committed,  1 nodes.
      Class space:        1.00 GB reserved,       3.31 MB ( <1%) committed,  1 nodes.
             Both:        1.06 GB reserved,      31.38 MB (  3%) committed. 

Chunk freelists:
   Non-Class:  3.55 MB
       Class:  12.50 MB
        Both:  16.05 MB

MaxMetaspaceSize: unlimited
CompressedClassSpaceSize: 1.00 GB
Initial GC threshold: 21.00 MB
Current GC threshold: 35.00 MB
CDS: off
MetaspaceReclaimPolicy: balanced
 - commit_granule_bytes: 65536.
 - commit_granule_words: 8192.
 - virtual_space_node_default_size: 8388608.
 - enlarge_chunks_in_place: 1.
 - new_chunks_are_fully_committed: 0.
 - uncommit_free_chunks: 1.
 - use_allocation_guard: 0.
 - handle_deallocations: 1.


Internal statistics:

num_allocs_failed_limit: 3.
num_arena_births: 302.
num_arena_deaths: 14.
num_vsnodes_births: 2.
num_vsnodes_deaths: 0.
num_space_committed: 502.
num_space_uncommitted: 0.
num_chunks_returned_to_freelist: 17.
num_chunks_taken_from_freelist: 1174.
num_chunk_merges: 7.
num_chunk_splits: 771.
num_chunks_enlarged: 533.
num_inconsistent_stats: 0.

CodeHeap 'non-profiled nmethods': size=120000Kb used=1147Kb max_used=1147Kb free=118852Kb
 bounds [0x000001a95fe00000, 0x000001a960070000, 0x000001a967330000]
CodeHeap 'profiled nmethods': size=120000Kb used=5531Kb max_used=5531Kb free=114468Kb
 bounds [0x000001a958330000, 0x000001a9588a0000, 0x000001a95f860000]
CodeHeap 'non-nmethods': size=5760Kb used=1257Kb max_used=1274Kb free=4502Kb
 bounds [0x000001a95f860000, 0x000001a95fad0000, 0x000001a95fe00000]
 total_blobs=3317 nmethods=2753 adapters=478
 compilation: enabled
              stopped_count=0, restarted_count=0
 full_count=0

Compilation events (20 events):
Event: 22.815 Thread 0x000001a96ed37280 2725       3       sun.reflect.generics.tree.ClassTypeSignature::accept (8 bytes)
Event: 22.815 Thread 0x000001a96ed37280 nmethod 2725 0x000001a958888c90 code [0x000001a958888e40, 0x000001a958888fc8]
Event: 22.815 Thread 0x000001a96ed37280 2726       3       sun.reflect.generics.visitor.Reifier::visitClassTypeSignature (381 bytes)
Event: 22.817 Thread 0x000001a96ed37280 nmethod 2726 0x000001a958889110 code [0x000001a958889520, 0x000001a95888afe8]
Event: 22.817 Thread 0x000001a96ed37280 2727   !   3       sun.reflect.generics.factory.CoreReflectionFactory::makeNamedType (21 bytes)
Event: 22.817 Thread 0x000001a96ed37280 nmethod 2727 0x000001a95888b990 code [0x000001a95888bb60, 0x000001a95888bdc8]
Event: 22.823 Thread 0x000001a96ed37280 2728       3       java.util.LinkedHashMap::<init> (10 bytes)
Event: 22.823 Thread 0x000001a96ed37280 nmethod 2728 0x000001a95888bf10 code [0x000001a95888c0c0, 0x000001a95888c2f8]
Event: 22.828 Thread 0x000001a96ed37280 2729       3       java.util.stream.StreamOpFlag::fromCharacteristics (37 bytes)
Event: 22.829 Thread 0x000001a96ed37280 nmethod 2729 0x000001a95888c410 code [0x000001a95888c5c0, 0x000001a95888c8d8]
Event: 22.829 Thread 0x000001a96ed37280 2730       3       java.util.stream.ReferencePipeline$Head::<init> (8 bytes)
Event: 22.829 Thread 0x000001a96ed37280 nmethod 2730 0x000001a95888ca10 code [0x000001a95888cbc0, 0x000001a95888cd48]
Event: 22.829 Thread 0x000001a96ed37280 2731       3       java.util.stream.ReferencePipeline::<init> (8 bytes)
Event: 22.829 Thread 0x000001a96ed37280 nmethod 2731 0x000001a95888ce10 code [0x000001a95888cfa0, 0x000001a95888d0e8]
Event: 22.829 Thread 0x000001a96ed37280 2732       3       java.util.stream.AbstractPipeline::<init> (55 bytes)
Event: 22.829 Thread 0x000001a96ed37280 nmethod 2732 0x000001a95888d190 code [0x000001a95888d340, 0x000001a95888d578]
Event: 22.829 Thread 0x000001a96ed37280 2733       3       jdk.internal.reflect.ConstantPool::getUTF8At (10 bytes)
Event: 22.830 Thread 0x000001a96ed37280 nmethod 2733 0x000001a95888d690 code [0x000001a95888d820, 0x000001a95888d968]
Event: 22.830 Thread 0x000001a96ed37280 2735       3       sun.reflect.annotation.AnnotationInvocationHandler::invoke (178 bytes)
Event: 22.831 Thread 0x000001a96ed37280 nmethod 2735 0x000001a95888da10 code [0x000001a95888dd20, 0x000001a95888ee08]

GC Heap History (14 events):
Event: 2.830 GC heap before
{Heap before GC invocations=1 (full 0):
 PSYoungGen      total 29696K, used 25600K [0x00000000eab00000, 0x00000000ecc00000, 0x0000000100000000)
  eden space 25600K, 100% used [0x00000000eab00000,0x00000000ec400000,0x00000000ec400000)
  from space 4096K, 0% used [0x00000000ec800000,0x00000000ec800000,0x00000000ecc00000)
  to   space 4096K, 0% used [0x00000000ec400000,0x00000000ec400000,0x00000000ec800000)
 ParOldGen       total 68608K, used 0K [0x00000000c0000000, 0x00000000c4300000, 0x00000000eab00000)
  object space 68608K, 0% used [0x00000000c0000000,0x00000000c0000000,0x00000000c4300000)
 Metaspace       used 11035K, committed 11264K, reserved 1114112K
  class space    used 1101K, committed 1216K, reserved 1048576K
}
Event: 2.844 GC heap after
{Heap after GC invocations=1 (full 0):
 PSYoungGen      total 29696K, used 3196K [0x00000000eab00000, 0x00000000ecc00000, 0x0000000100000000)
  eden space 25600K, 0% used [0x00000000eab00000,0x00000000eab00000,0x00000000ec400000)
  from space 4096K, 78% used [0x00000000ec400000,0x00000000ec71f090,0x00000000ec800000)
  to   space 4096K, 0% used [0x00000000ec800000,0x00000000ec800000,0x00000000ecc00000)
 ParOldGen       total 68608K, used 16K [0x00000000c0000000, 0x00000000c4300000, 0x00000000eab00000)
  object space 68608K, 0% used [0x00000000c0000000,0x00000000c0004000,0x00000000c4300000)
 Metaspace       used 11035K, committed 11264K, reserved 1114112K
  class space    used 1101K, committed 1216K, reserved 1048576K
}
Event: 15.129 GC heap before
{Heap before GC invocations=2 (full 0):
 PSYoungGen      total 29696K, used 28796K [0x00000000eab00000, 0x00000000ecc00000, 0x0000000100000000)
  eden space 25600K, 100% used [0x00000000eab00000,0x00000000ec400000,0x00000000ec400000)
  from space 4096K, 78% used [0x00000000ec400000,0x00000000ec71f090,0x00000000ec800000)
  to   space 4096K, 0% used [0x00000000ec800000,0x00000000ec800000,0x00000000ecc00000)
 ParOldGen       total 68608K, used 16K [0x00000000c0000000, 0x00000000c4300000, 0x00000000eab00000)
  object space 68608K, 0% used [0x00000000c0000000,0x00000000c0004000,0x00000000c4300000)
 Metaspace       used 15156K, committed 15424K, reserved 1114112K
  class space    used 1541K, committed 1664K, reserved 1048576K
}
Event: 15.140 GC heap after
{Heap after GC invocations=2 (full 0):
 PSYoungGen      total 29696K, used 4088K [0x00000000eab00000, 0x00000000ecc00000, 0x0000000100000000)
  eden space 25600K, 0% used [0x00000000eab00000,0x00000000eab00000,0x00000000ec400000)
  from space 4096K, 99% used [0x00000000ec800000,0x00000000ecbfe118,0x00000000ecc00000)
  to   space 4096K, 0% used [0x00000000ec400000,0x00000000ec400000,0x00000000ec800000)
 ParOldGen       total 68608K, used 724K [0x00000000c0000000, 0x00000000c4300000, 0x00000000eab00000)
  object space 68608K, 1% used [0x00000000c0000000,0x00000000c00b5350,0x00000000c4300000)
 Metaspace       used 15156K, committed 15424K, reserved 1114112K
  class space    used 1541K, committed 1664K, reserved 1048576K
}
Event: 17.082 GC heap before
{Heap before GC invocations=3 (full 0):
 PSYoungGen      total 29696K, used 29688K [0x00000000eab00000, 0x00000000ecc00000, 0x0000000100000000)
  eden space 25600K, 100% used [0x00000000eab00000,0x00000000ec400000,0x00000000ec400000)
  from space 4096K, 99% used [0x00000000ec800000,0x00000000ecbfe118,0x00000000ecc00000)
  to   space 4096K, 0% used [0x00000000ec400000,0x00000000ec400000,0x00000000ec800000)
 ParOldGen       total 68608K, used 724K [0x00000000c0000000, 0x00000000c4300000, 0x00000000eab00000)
  object space 68608K, 1% used [0x00000000c0000000,0x00000000c00b5350,0x00000000c4300000)
 Metaspace       used 20306K, committed 20736K, reserved 1114112K
  class space    used 2086K, committed 2240K, reserved 1048576K
}
Event: 17.092 GC heap after
{Heap after GC invocations=3 (full 0):
 PSYoungGen      total 29696K, used 4093K [0x00000000eab00000, 0x00000000ecc00000, 0x0000000100000000)
  eden space 25600K, 0% used [0x00000000eab00000,0x00000000eab00000,0x00000000ec400000)
  from space 4096K, 99% used [0x00000000ec400000,0x00000000ec7ff7a8,0x00000000ec800000)
  to   space 4096K, 0% used [0x00000000ec800000,0x00000000ec800000,0x00000000ecc00000)
 ParOldGen       total 68608K, used 2449K [0x00000000c0000000, 0x00000000c4300000, 0x00000000eab00000)
  object space 68608K, 3% used [0x00000000c0000000,0x00000000c02645c8,0x00000000c4300000)
 Metaspace       used 20306K, committed 20736K, reserved 1114112K
  class space    used 2086K, committed 2240K, reserved 1048576K
}
Event: 17.412 GC heap before
{Heap before GC invocations=4 (full 0):
 PSYoungGen      total 29696K, used 8792K [0x00000000eab00000, 0x00000000ecc00000, 0x0000000100000000)
  eden space 25600K, 18% used [0x00000000eab00000,0x00000000eaf96aa8,0x00000000ec400000)
  from space 4096K, 99% used [0x00000000ec400000,0x00000000ec7ff7a8,0x00000000ec800000)
  to   space 4096K, 0% used [0x00000000ec800000,0x00000000ec800000,0x00000000ecc00000)
 ParOldGen       total 68608K, used 2449K [0x00000000c0000000, 0x00000000c4300000, 0x00000000eab00000)
  object space 68608K, 3% used [0x00000000c0000000,0x00000000c02645c8,0x00000000c4300000)
 Metaspace       used 21065K, committed 21504K, reserved 1114112K
  class space    used 2162K, committed 2368K, reserved 1048576K
}
Event: 17.418 GC heap after
{Heap after GC invocations=4 (full 0):
 PSYoungGen      total 29696K, used 4089K [0x00000000eab00000, 0x00000000ecc00000, 0x0000000100000000)
  eden space 25600K, 0% used [0x00000000eab00000,0x00000000eab00000,0x00000000ec400000)
  from space 4096K, 99% used [0x00000000ec800000,0x00000000ecbfe650,0x00000000ecc00000)
  to   space 4096K, 0% used [0x00000000ec400000,0x00000000ec400000,0x00000000ec800000)
 ParOldGen       total 68608K, used 3077K [0x00000000c0000000, 0x00000000c4300000, 0x00000000eab00000)
  object space 68608K, 4% used [0x00000000c0000000,0x00000000c0301798,0x00000000c4300000)
 Metaspace       used 21065K, committed 21504K, reserved 1114112K
  class space    used 2162K, committed 2368K, reserved 1048576K
}
Event: 17.418 GC heap before
{Heap before GC invocations=5 (full 1):
 PSYoungGen      total 29696K, used 4089K [0x00000000eab00000, 0x00000000ecc00000, 0x0000000100000000)
  eden space 25600K, 0% used [0x00000000eab00000,0x00000000eab00000,0x00000000ec400000)
  from space 4096K, 99% used [0x00000000ec800000,0x00000000ecbfe650,0x00000000ecc00000)
  to   space 4096K, 0% used [0x00000000ec400000,0x00000000ec400000,0x00000000ec800000)
 ParOldGen       total 68608K, used 3077K [0x00000000c0000000, 0x00000000c4300000, 0x00000000eab00000)
  object space 68608K, 4% used [0x00000000c0000000,0x00000000c0301798,0x00000000c4300000)
 Metaspace       used 21065K, committed 21504K, reserved 1114112K
  class space    used 2162K, committed 2368K, reserved 1048576K
}
Event: 17.469 GC heap after
{Heap after GC invocations=5 (full 1):
 PSYoungGen      total 29696K, used 0K [0x00000000eab00000, 0x00000000ecc00000, 0x0000000100000000)
  eden space 25600K, 0% used [0x00000000eab00000,0x00000000eab00000,0x00000000ec400000)
  from space 4096K, 0% used [0x00000000ec800000,0x00000000ec800000,0x00000000ecc00000)
  to   space 4096K, 0% used [0x00000000ec400000,0x00000000ec400000,0x00000000ec800000)
 ParOldGen       total 68608K, used 6998K [0x00000000c0000000, 0x00000000c4300000, 0x00000000eab00000)
  object space 68608K, 10% used [0x00000000c0000000,0x00000000c06d5968,0x00000000c4300000)
 Metaspace       used 21052K, committed 21504K, reserved 1114112K
  class space    used 2159K, committed 2368K, reserved 1048576K
}
Event: 18.664 GC heap before
{Heap before GC invocations=6 (full 1):
 PSYoungGen      total 29696K, used 25600K [0x00000000eab00000, 0x00000000ecc00000, 0x0000000100000000)
  eden space 25600K, 100% used [0x00000000eab00000,0x00000000ec400000,0x00000000ec400000)
  from space 4096K, 0% used [0x00000000ec800000,0x00000000ec800000,0x00000000ecc00000)
  to   space 4096K, 0% used [0x00000000ec400000,0x00000000ec400000,0x00000000ec800000)
 ParOldGen       total 68608K, used 6998K [0x00000000c0000000, 0x00000000c4300000, 0x00000000eab00000)
  object space 68608K, 10% used [0x00000000c0000000,0x00000000c06d5968,0x00000000c4300000)
 Metaspace       used 24509K, committed 24960K, reserved 1114112K
  class space    used 2409K, committed 2560K, reserved 1048576K
}
Event: 18.665 GC heap after
{Heap after GC invocations=6 (full 1):
 PSYoungGen      total 25600K, used 301K [0x00000000eab00000, 0x00000000ec880000, 0x0000000100000000)
  eden space 25088K, 0% used [0x00000000eab00000,0x00000000eab00000,0x00000000ec380000)
  from space 512K, 58% used [0x00000000ec400000,0x00000000ec44b5f8,0x00000000ec480000)
  to   space 2048K, 0% used [0x00000000ec680000,0x00000000ec680000,0x00000000ec880000)
 ParOldGen       total 68608K, used 6998K [0x00000000c0000000, 0x00000000c4300000, 0x00000000eab00000)
  object space 68608K, 10% used [0x00000000c0000000,0x00000000c06d5968,0x00000000c4300000)
 Metaspace       used 24509K, committed 24960K, reserved 1114112K
  class space    used 2409K, committed 2560K, reserved 1048576K
}
Event: 20.634 GC heap before
{Heap before GC invocations=7 (full 1):
 PSYoungGen      total 25600K, used 25389K [0x00000000eab00000, 0x00000000ec880000, 0x0000000100000000)
  eden space 25088K, 100% used [0x00000000eab00000,0x00000000ec380000,0x00000000ec380000)
  from space 512K, 58% used [0x00000000ec400000,0x00000000ec44b5f8,0x00000000ec480000)
  to   space 2048K, 0% used [0x00000000ec680000,0x00000000ec680000,0x00000000ec880000)
 ParOldGen       total 68608K, used 6998K [0x00000000c0000000, 0x00000000c4300000, 0x00000000eab00000)
  object space 68608K, 10% used [0x00000000c0000000,0x00000000c06d5968,0x00000000c4300000)
 Metaspace       used 27364K, committed 27776K, reserved 1114112K
  class space    used 2662K, committed 2816K, reserved 1048576K
}
Event: 20.637 GC heap after
{Heap after GC invocations=7 (full 1):
 PSYoungGen      total 26112K, used 1360K [0x00000000eab00000, 0x00000000ec800000, 0x0000000100000000)
  eden space 24576K, 0% used [0x00000000eab00000,0x00000000eab00000,0x00000000ec300000)
  from space 1536K, 88% used [0x00000000ec680000,0x00000000ec7d4068,0x00000000ec800000)
  to   space 2048K, 0% used [0x00000000ec400000,0x00000000ec400000,0x00000000ec600000)
 ParOldGen       total 68608K, used 7006K [0x00000000c0000000, 0x00000000c4300000, 0x00000000eab00000)
  object space 68608K, 10% used [0x00000000c0000000,0x00000000c06d7968,0x00000000c4300000)
 Metaspace       used 27364K, committed 27776K, reserved 1114112K
  class space    used 2662K, committed 2816K, reserved 1048576K
}

Dll operation events (12 events):
Event: 0.352 Loaded shared library c:\Users\User\.vscode\extensions\redhat.java-1.24.0-win32-x64\jre\17.0.8.1-win32-x86_64\bin\java.dll
Event: 0.887 Loaded shared library c:\Users\User\.vscode\extensions\redhat.java-1.24.0-win32-x64\jre\17.0.8.1-win32-x86_64\bin\zip.dll
Event: 0.894 Loaded shared library C:\Users\User\.vscode\extensions\redhat.java-1.24.0-win32-x64\jre\17.0.8.1-win32-x86_64\bin\instrument.dll
Event: 0.980 Loaded shared library C:\Users\User\.vscode\extensions\redhat.java-1.24.0-win32-x64\jre\17.0.8.1-win32-x86_64\bin\net.dll
Event: 1.060 Loaded shared library C:\Users\User\.vscode\extensions\redhat.java-1.24.0-win32-x64\jre\17.0.8.1-win32-x86_64\bin\nio.dll
Event: 1.143 Loaded shared library C:\Users\User\.vscode\extensions\redhat.java-1.24.0-win32-x64\jre\17.0.8.1-win32-x86_64\bin\zip.dll
Event: 1.198 Loaded shared library C:\Users\User\.vscode\extensions\redhat.java-1.24.0-win32-x64\jre\17.0.8.1-win32-x86_64\bin\jimage.dll
Event: 1.374 Loaded shared library c:\Users\User\.vscode\extensions\redhat.java-1.24.0-win32-x64\jre\17.0.8.1-win32-x86_64\bin\verify.dll
Event: 14.629 Loaded shared library C:\Users\User\AppData\Roaming\Code\User\globalStorage\redhat.java\1.24.0\config_ss_win\org.eclipse.equinox.launcher\org.eclipse.equinox.launcher.win32.win32.x86_64_1.2.700.v20221108-1024\eclipse_11801.dll
Event: 16.695 Loaded shared library C:\Users\User\.vscode\extensions\redhat.java-1.24.0-win32-x64\jre\17.0.8.1-win32-x86_64\bin\management.dll
Event: 16.775 Loaded shared library C:\Users\User\.vscode\extensions\redhat.java-1.24.0-win32-x64\jre\17.0.8.1-win32-x86_64\bin\management_ext.dll
Event: 22.068 Loaded shared library C:\Users\User\AppData\Local\Temp\jna-2645995\jna12611712575528117176.dll

Deoptimization events (20 events):
Event: 21.684 Thread 0x000001a9702ec2a0 DEOPT PACKING pc=0x000001a95fefedd8 sp=0x0000003d606fafe0
Event: 21.684 Thread 0x000001a9702ec2a0 DEOPT UNPACKING pc=0x000001a95f8b9ea3 sp=0x0000003d606faf78 mode 2
Event: 21.717 Thread 0x000001a9702ec2a0 Uncommon trap: trap_request=0xffffff45 fr.pc=0x000001a95fe48a7c relative=0x000000000000067c
Event: 21.717 Thread 0x000001a9702ec2a0 Uncommon trap: reason=unstable_if action=reinterpret pc=0x000001a95fe48a7c method=java.lang.String.replace(Ljava/lang/CharSequence;Ljava/lang/CharSequence;)Ljava/lang/String; @ 42 c2
Event: 21.717 Thread 0x000001a9702ec2a0 DEOPT PACKING pc=0x000001a95fe48a7c sp=0x0000003d606fb4a0
Event: 21.718 Thread 0x000001a9702ec2a0 DEOPT UNPACKING pc=0x000001a95f8b9ea3 sp=0x0000003d606fb430 mode 2
Event: 22.136 Thread 0x000001a9702ec2a0 Uncommon trap: trap_request=0xffffff45 fr.pc=0x000001a95fecb22c relative=0x0000000000000acc
Event: 22.136 Thread 0x000001a9702ec2a0 Uncommon trap: reason=unstable_if action=reinterpret pc=0x000001a95fecb22c method=jdk.internal.org.objectweb.asm.SymbolTable.put(Ljdk/internal/org/objectweb/asm/SymbolTable$Entry;)Ljdk/internal/org/objectweb/asm/SymbolTable$Entry; @ 13 c2
Event: 22.136 Thread 0x000001a9702ec2a0 DEOPT PACKING pc=0x000001a95fecb22c sp=0x0000003d606fb990
Event: 22.136 Thread 0x000001a9702ec2a0 DEOPT UNPACKING pc=0x000001a95f8b9ea3 sp=0x0000003d606fb8d8 mode 2
Event: 22.197 Thread 0x000001a9702ec2a0 Uncommon trap: trap_request=0xffffff76 fr.pc=0x000001a95ff08ec4 relative=0x0000000000000584
Event: 22.197 Thread 0x000001a9702ec2a0 Uncommon trap: reason=predicate action=maybe_recompile pc=0x000001a95ff08ec4 method=java.util.TreeMap.getEntryUsingComparator(Ljava/lang/Object;)Ljava/util/TreeMap$Entry; @ 19 c2
Event: 22.197 Thread 0x000001a9702ec2a0 DEOPT PACKING pc=0x000001a95ff08ec4 sp=0x0000003d606fc580
Event: 22.197 Thread 0x000001a9702ec2a0 DEOPT UNPACKING pc=0x000001a95f8b9ea3 sp=0x0000003d606fc4a0 mode 2
Event: 22.275 Thread 0x000001a953edb870 DEOPT PACKING pc=0x000001a95881736f sp=0x0000003d5eff88c0
Event: 22.275 Thread 0x000001a953edb870 DEOPT UNPACKING pc=0x000001a95f8ba9e3 sp=0x0000003d5eff7dd0 mode 0
Event: 22.288 Thread 0x000001a953edb870 Uncommon trap: trap_request=0xffffff76 fr.pc=0x000001a95ff07638 relative=0x0000000000000578
Event: 22.288 Thread 0x000001a953edb870 Uncommon trap: reason=predicate action=maybe_recompile pc=0x000001a95ff07638 method=java.util.TreeMap.getEntryUsingComparator(Ljava/lang/Object;)Ljava/util/TreeMap$Entry; @ 19 c2
Event: 22.288 Thread 0x000001a953edb870 DEOPT PACKING pc=0x000001a95ff07638 sp=0x0000003d5effe3b0
Event: 22.289 Thread 0x000001a953edb870 DEOPT UNPACKING pc=0x000001a95f8b9ea3 sp=0x0000003d5effe360 mode 2

Classes unloaded (7 events):
Event: 17.430 Thread 0x000001a953f86d20 Unloading class 0x000000010021e000 'java/lang/invoke/LambdaForm$MH+0x000000010021e000'
Event: 17.430 Thread 0x000001a953f86d20 Unloading class 0x000000010021dc00 'java/lang/invoke/LambdaForm$MH+0x000000010021dc00'
Event: 17.430 Thread 0x000001a953f86d20 Unloading class 0x000000010021d800 'java/lang/invoke/LambdaForm$MH+0x000000010021d800'
Event: 17.430 Thread 0x000001a953f86d20 Unloading class 0x000000010021d400 'java/lang/invoke/LambdaForm$MH+0x000000010021d400'
Event: 17.430 Thread 0x000001a953f86d20 Unloading class 0x000000010021d000 'java/lang/invoke/LambdaForm$BMH+0x000000010021d000'
Event: 17.430 Thread 0x000001a953f86d20 Unloading class 0x000000010021cc00 'java/lang/invoke/LambdaForm$DMH+0x000000010021cc00'
Event: 17.430 Thread 0x000001a953f86d20 Unloading class 0x000000010021a000 'java/lang/invoke/LambdaForm$DMH+0x000000010021a000'

Classes redefined (0 events):
No events

Internal exceptions (20 events):
Event: 19.312 Thread 0x000001a9702ec2a0 Exception <a 'sun/nio/fs/WindowsException'{0x00000000ebfd4e60}> (0x00000000ebfd4e60) 
thrown [s\src\hotspot\share\prims\jni.cpp, line 516]
Event: 19.313 Thread 0x000001a9702ec2a0 Exception <a 'sun/nio/fs/WindowsException'{0x00000000ebff5810}> (0x00000000ebff5810) 
thrown [s\src\hotspot\share\prims\jni.cpp, line 516]
Event: 19.313 Thread 0x000001a9702ec2a0 Exception <a 'sun/nio/fs/WindowsException'{0x00000000ebff6550}> (0x00000000ebff6550) 
thrown [s\src\hotspot\share\prims\jni.cpp, line 516]
Event: 19.370 Thread 0x000001a9702ec2a0 Exception <a 'sun/nio/fs/WindowsException'{0x00000000ec1b7df8}> (0x00000000ec1b7df8) 
thrown [s\src\hotspot\share\prims\jni.cpp, line 516]
Event: 19.370 Thread 0x000001a9702ec2a0 Exception <a 'sun/nio/fs/WindowsException'{0x00000000ec1b83b8}> (0x00000000ec1b83b8) 
thrown [s\src\hotspot\share\prims\jni.cpp, line 516]
Event: 19.871 Thread 0x000001a9702ec2a0 Exception <a 'java/lang/NoSuchMethodError'{0x00000000ec2871d8}: 'java.lang.Object java.lang.invoke.DirectMethodHandle$Holder.invokeStaticInit(java.lang.Object, int, int, int, int)'> (0x00000000ec2871d8) 
thrown [s\src\hotspot\share\interpreter\linkResolver.cpp, line 759]
Event: 20.627 Thread 0x000001a9702ec2a0 Exception <a 'java/lang/NoSuchMethodError'{0x00000000ec3488e8}: 'java.lang.Object java.lang.invoke.DirectMethodHandle$Holder.invokeStaticInit(java.lang.Object, java.lang.Object, int, int, int, int)'> (0x00000000ec3488e8) 
thrown [s\src\hotspot\share\interpreter\linkResolver.cpp, line 759]
Event: 20.775 Thread 0x000001a9702ec2a0 Exception <a 'sun/nio/fs/WindowsException'{0x00000000eac92ff8}> (0x00000000eac92ff8) 
thrown [s\src\hotspot\share\prims\jni.cpp, line 516]
Event: 20.778 Thread 0x000001a9702ec2a0 Exception <a 'sun/nio/fs/WindowsException'{0x00000000eac9cd90}> (0x00000000eac9cd90) 
thrown [s\src\hotspot\share\prims\jni.cpp, line 516]
Event: 20.778 Thread 0x000001a9702ec2a0 Exception <a 'sun/nio/fs/WindowsException'{0x00000000eac9d330}> (0x00000000eac9d330) 
thrown [s\src\hotspot\share\prims\jni.cpp, line 516]
Event: 21.093 Thread 0x000001a9702ec2a0 Exception <a 'java/lang/ClassNotFoundException'{0x00000000eafb3ff0}: com/sun/org/apache/xml/internal/serializer/spi/XMLEntitiesProvider> (0x00000000eafb3ff0) 
thrown [s\src\hotspot\share\classfile\systemDictionary.cpp, line 256]
Event: 21.532 Thread 0x000001a9702ec2a0 Exception <a 'java/io/FileNotFoundException'{0x00000000eb435cb8}> (0x00000000eb435cb8) 
thrown [s\src\hotspot\share\prims\jni.cpp, line 516]
Event: 22.153 Thread 0x000001a9702ec2a0 Exception <a 'java/lang/UnsatisfiedLinkError'{0x00000000eb7727d8}: The specified procedure could not be found.
> (0x00000000eb7727d8) 
thrown [s\src\hotspot\share\prims\jni.cpp, line 535]
Event: 22.193 Thread 0x000001a9702ec2a0 Exception <a 'java/io/FileNotFoundException'{0x00000000eb7957a8}> (0x00000000eb7957a8) 
thrown [s\src\hotspot\share\prims\jni.cpp, line 516]
Event: 22.221 Thread 0x000001a9702ec2a0 Exception <a 'java/io/FileNotFoundException'{0x00000000eb808b28}> (0x00000000eb808b28) 
thrown [s\src\hotspot\share\prims\jni.cpp, line 516]
Event: 22.238 Thread 0x000001a9702ec2a0 Exception <a 'java/lang/UnsatisfiedLinkError'{0x00000000eb894d68}: The specified procedure could not be found.
> (0x00000000eb894d68) 
thrown [s\src\hotspot\share\prims\jni.cpp, line 535]
Event: 22.328 Thread 0x000001a953edb870 Exception <a 'java/lang/NoSuchMethodError'{0x00000000eba93910}: 'java.lang.Object java.lang.invoke.DirectMethodHandle$Holder.invokeStatic(java.lang.Object, java.lang.Object, long, java.lang.Object)'> (0x00000000eba93910) 
thrown [s\src\hotspot\share\interpreter\linkResolver.cpp, line 759]
Event: 22.328 Thread 0x000001a953edb870 Exception <a 'java/lang/NoSuchMethodError'{0x00000000eba973a8}: 'java.lang.Object java.lang.invoke.DirectMethodHandle$Holder.invokeStaticInit(java.lang.Object, java.lang.Object, long, java.lang.Object)'> (0x00000000eba973a8) 
thrown [s\src\hotspot\share\interpreter\linkResolver.cpp, line 759]
Event: 22.329 Thread 0x000001a953edb870 Exception <a 'java/lang/NoSuchMethodError'{0x00000000eba9d9b8}: 'java.lang.Object java.lang.invoke.DirectMethodHandle$Holder.newInvokeSpecial(java.lang.Object, java.lang.Object, long)'> (0x00000000eba9d9b8) 
thrown [s\src\hotspot\share\interpreter\linkResolver.cpp, line 759]
Event: 22.579 Thread 0x000001a953edb870 Exception <a 'java/lang/NoSuchMethodError'{0x00000000ebc52c58}: 'void java.lang.invoke.DirectMethodHandle$Holder.invokeStatic(java.lang.Object, java.lang.Object, java.lang.Object, java.lang.Object)'> (0x00000000ebc52c58) 
thrown [s\src\hotspot\share\interpreter\linkResolver.cpp, line 759]

VM Operations (20 events):
Event: 18.664 Executing VM operation: ParallelGCFailedAllocation
Event: 18.666 Executing VM operation: ParallelGCFailedAllocation done
Event: 19.268 Executing VM operation: HandshakeAllThreads
Event: 19.294 Executing VM operation: HandshakeAllThreads done
Event: 19.333 Executing VM operation: HandshakeAllThreads
Event: 19.333 Executing VM operation: HandshakeAllThreads done
Event: 20.335 Executing VM operation: Cleanup
Event: 20.335 Executing VM operation: Cleanup done
Event: 20.634 Executing VM operation: ParallelGCFailedAllocation
Event: 20.637 Executing VM operation: ParallelGCFailedAllocation done
Event: 21.291 Executing VM operation: HandshakeAllThreads
Event: 21.291 Executing VM operation: HandshakeAllThreads done
Event: 21.408 Executing VM operation: HandshakeAllThreads
Event: 21.408 Executing VM operation: HandshakeAllThreads done
Event: 22.122 Executing VM operation: HandshakeAllThreads
Event: 22.122 Executing VM operation: HandshakeAllThreads done
Event: 22.122 Executing VM operation: Cleanup
Event: 22.123 Executing VM operation: Cleanup done
Event: 22.280 Executing VM operation: HandshakeAllThreads
Event: 22.280 Executing VM operation: HandshakeAllThreads done

Events (20 events):
Event: 22.563 loading class sun/reflect/generics/tree/ClassSignature
Event: 22.563 loading class sun/reflect/generics/tree/ClassSignature done
Event: 22.564 loading class sun/reflect/generics/tree/TypeVariableSignature
Event: 22.564 loading class sun/reflect/generics/tree/TypeVariableSignature done
Event: 22.564 loading class sun/reflect/generics/reflectiveObjects/TypeVariableImpl
Event: 22.564 loading class sun/reflect/generics/reflectiveObjects/LazyReflectiveObjectGenerator
Event: 22.564 loading class sun/reflect/generics/reflectiveObjects/LazyReflectiveObjectGenerator done
Event: 22.564 loading class sun/reflect/generics/reflectiveObjects/TypeVariableImpl done
Event: 22.581 loading class java/lang/Deprecated
Event: 22.581 loading class java/lang/Deprecated done
Event: 22.583 loading class jdk/internal/vm/annotation/IntrinsicCandidate
Event: 22.583 loading class jdk/internal/vm/annotation/IntrinsicCandidate done
Event: 22.704 loading class sun/reflect/generics/tree/BottomSignature
Event: 22.704 loading class sun/reflect/generics/tree/BottomSignature done
Event: 22.704 loading class sun/reflect/generics/tree/Wildcard
Event: 22.704 loading class sun/reflect/generics/tree/Wildcard done
Event: 22.705 loading class sun/reflect/generics/reflectiveObjects/WildcardTypeImpl
Event: 22.705 loading class java/lang/reflect/WildcardType
Event: 22.705 loading class java/lang/reflect/WildcardType done
Event: 22.705 loading class sun/reflect/generics/reflectiveObjects/WildcardTypeImpl done


Dynamic libraries:
0x00007ff67e8d0000 - 0x00007ff67e8de000 	c:\Users\User\.vscode\extensions\redhat.java-1.24.0-win32-x64\jre\17.0.8.1-win32-x86_64\bin\java.exe
0x00007ffe00930000 - 0x00007ffe00b47000 	C:\WINDOWS\SYSTEM32\ntdll.dll
0x00007ffdff300000 - 0x00007ffdff3c4000 	C:\WINDOWS\System32\KERNEL32.DLL
0x00007ffdfe230000 - 0x00007ffdfe5d5000 	C:\WINDOWS\System32\KERNELBASE.dll
0x00007ffdfdf60000 - 0x00007ffdfe071000 	C:\WINDOWS\System32\ucrtbase.dll
0x00007ffdf1c20000 - 0x00007ffdf1c37000 	c:\Users\User\.vscode\extensions\redhat.java-1.24.0-win32-x64\jre\17.0.8.1-win32-x86_64\bin\jli.dll
0x00007ffe00580000 - 0x00007ffe0072e000 	C:\WINDOWS\System32\USER32.dll
0x00007ffdfdca0000 - 0x00007ffdfdcc6000 	C:\WINDOWS\System32\win32u.dll
0x00007ffdffcd0000 - 0x00007ffdffcf9000 	C:\WINDOWS\System32\GDI32.dll
0x00007ffdf0280000 - 0x00007ffdf0513000 	C:\WINDOWS\WinSxS\amd64_microsoft.windows.common-controls_6595b64144ccf1df_6.0.22621.2506_none_270c5ae97388e100\COMCTL32.dll
0x00007ffdee290000 - 0x00007ffdee2a9000 	c:\Users\User\.vscode\extensions\redhat.java-1.24.0-win32-x64\jre\17.0.8.1-win32-x86_64\bin\VCRUNTIME140.dll
0x00007ffdfdcd0000 - 0x00007ffdfdde9000 	C:\WINDOWS\System32\gdi32full.dll
0x00007ffdff7c0000 - 0x00007ffdff867000 	C:\WINDOWS\System32\msvcrt.dll
0x00007ffdfe5e0000 - 0x00007ffdfe67a000 	C:\WINDOWS\System32\msvcp_win.dll
0x00007ffdfec50000 - 0x00007ffdfec81000 	C:\WINDOWS\System32\IMM32.DLL
0x00007ffdf8250000 - 0x00007ffdf825c000 	c:\Users\User\.vscode\extensions\redhat.java-1.24.0-win32-x64\jre\17.0.8.1-win32-x86_64\bin\vcruntime140_1.dll
0x00007ffdb4850000 - 0x00007ffdb48e1000 	c:\Users\User\.vscode\extensions\redhat.java-1.24.0-win32-x64\jre\17.0.8.1-win32-x86_64\bin\msvcp140.dll
0x00007ffd477d0000 - 0x00007ffd4841c000 	c:\Users\User\.vscode\extensions\redhat.java-1.24.0-win32-x64\jre\17.0.8.1-win32-x86_64\bin\server\jvm.dll
0x00007ffdff6f0000 - 0x00007ffdff7a1000 	C:\WINDOWS\System32\ADVAPI32.dll
0x00007ffdffb70000 - 0x00007ffdffc16000 	C:\WINDOWS\System32\sechost.dll
0x00007ffdff950000 - 0x00007ffdffa67000 	C:\WINDOWS\System32\RPCRT4.dll
0x00007ffdfcff0000 - 0x00007ffdfd03d000 	C:\WINDOWS\SYSTEM32\POWRPROF.dll
0x00007ffdf1950000 - 0x00007ffdf1959000 	C:\WINDOWS\SYSTEM32\WSOCK32.dll
0x00007ffdf8130000 - 0x00007ffdf8164000 	C:\WINDOWS\SYSTEM32\WINMM.dll
0x00007ffdf8f40000 - 0x00007ffdf8f4a000 	C:\WINDOWS\SYSTEM32\VERSION.dll
0x00007ffdff8d0000 - 0x00007ffdff941000 	C:\WINDOWS\System32\WS2_32.dll
0x00007ffdfcf80000 - 0x00007ffdfcf93000 	C:\WINDOWS\SYSTEM32\UMPDC.dll
0x00007ffdfccb0000 - 0x00007ffdfccc8000 	C:\WINDOWS\SYSTEM32\kernel.appcore.dll
0x00007ffdf2220000 - 0x00007ffdf222a000 	c:\Users\User\.vscode\extensions\redhat.java-1.24.0-win32-x64\jre\17.0.8.1-win32-x86_64\bin\jimage.dll
0x00007ffdfb4d0000 - 0x00007ffdfb703000 	C:\WINDOWS\SYSTEM32\DBGHELP.DLL
0x00007ffdfef60000 - 0x00007ffdff2e9000 	C:\WINDOWS\System32\combase.dll
0x00007ffdfe680000 - 0x00007ffdfe757000 	C:\WINDOWS\System32\OLEAUT32.dll
0x00007ffdf3110000 - 0x00007ffdf3142000 	C:\WINDOWS\SYSTEM32\dbgcore.DLL
0x00007ffdfe0f0000 - 0x00007ffdfe16a000 	C:\WINDOWS\System32\bcryptPrimitives.dll
0x00007ffdf1b90000 - 0x00007ffdf1b9e000 	c:\Users\User\.vscode\extensions\redhat.java-1.24.0-win32-x64\jre\17.0.8.1-win32-x86_64\bin\instrument.dll
0x00007ffdebe10000 - 0x00007ffdebe35000 	c:\Users\User\.vscode\extensions\redhat.java-1.24.0-win32-x64\jre\17.0.8.1-win32-x86_64\bin\java.dll
0x00007ffdebdf0000 - 0x00007ffdebe08000 	c:\Users\User\.vscode\extensions\redhat.java-1.24.0-win32-x64\jre\17.0.8.1-win32-x86_64\bin\zip.dll
0x00007ffdffd20000 - 0x00007ffe00579000 	C:\WINDOWS\System32\SHELL32.dll
0x00007ffdfbbc0000 - 0x00007ffdfc4b4000 	C:\WINDOWS\SYSTEM32\windows.storage.dll
0x00007ffdfba80000 - 0x00007ffdfbbbe000 	C:\WINDOWS\SYSTEM32\wintypes.dll
0x00007ffdfecf0000 - 0x00007ffdfede3000 	C:\WINDOWS\System32\SHCORE.dll
0x00007ffdff870000 - 0x00007ffdff8ce000 	C:\WINDOWS\System32\shlwapi.dll
0x00007ffdfdbd0000 - 0x00007ffdfdbf6000 	C:\WINDOWS\SYSTEM32\profapi.dll
0x00007ffdebdd0000 - 0x00007ffdebde9000 	C:\Users\User\.vscode\extensions\redhat.java-1.24.0-win32-x64\jre\17.0.8.1-win32-x86_64\bin\net.dll
0x00007ffdf93b0000 - 0x00007ffdf94e7000 	C:\WINDOWS\SYSTEM32\WINHTTP.dll
0x00007ffdfd210000 - 0x00007ffdfd279000 	C:\WINDOWS\system32\mswsock.dll
0x00007ffdebb80000 - 0x00007ffdebb95000 	C:\Users\User\.vscode\extensions\redhat.java-1.24.0-win32-x64\jre\17.0.8.1-win32-x86_64\bin\nio.dll
0x00007ffdf1b20000 - 0x00007ffdf1b30000 	c:\Users\User\.vscode\extensions\redhat.java-1.24.0-win32-x64\jre\17.0.8.1-win32-x86_64\bin\verify.dll
0x00007ffde1890000 - 0x00007ffde18ce000 	C:\Users\User\AppData\Roaming\Code\User\globalStorage\redhat.java\1.24.0\config_ss_win\org.eclipse.equinox.launcher\org.eclipse.equinox.launcher.win32.win32.x86_64_1.2.700.v20221108-1024\eclipse_11801.dll
0x00007ffdff3d0000 - 0x00007ffdff570000 	C:\WINDOWS\System32\ole32.dll
0x00007ffdf1980000 - 0x00007ffdf1989000 	C:\Users\User\.vscode\extensions\redhat.java-1.24.0-win32-x64\jre\17.0.8.1-win32-x86_64\bin\management.dll
0x00007ffdf1880000 - 0x00007ffdf188b000 	C:\Users\User\.vscode\extensions\redhat.java-1.24.0-win32-x64\jre\17.0.8.1-win32-x86_64\bin\management_ext.dll
0x00007ffdfef40000 - 0x00007ffdfef48000 	C:\WINDOWS\System32\PSAPI.DLL
0x00007ffdfd460000 - 0x00007ffdfd47b000 	C:\WINDOWS\SYSTEM32\CRYPTSP.dll
0x00007ffdfcc70000 - 0x00007ffdfcca5000 	C:\WINDOWS\system32\rsaenh.dll
0x00007ffdfd300000 - 0x00007ffdfd32c000 	C:\WINDOWS\SYSTEM32\USERENV.dll
0x00007ffdfd650000 - 0x00007ffdfd678000 	C:\WINDOWS\SYSTEM32\bcrypt.dll
0x00007ffdfd480000 - 0x00007ffdfd48c000 	C:\WINDOWS\SYSTEM32\CRYPTBASE.dll
0x00007ffdfc760000 - 0x00007ffdfc78d000 	C:\WINDOWS\SYSTEM32\IPHLPAPI.DLL
0x00007ffdff2f0000 - 0x00007ffdff2f9000 	C:\WINDOWS\System32\NSI.dll
0x00007ffdf7f50000 - 0x00007ffdf7f69000 	C:\WINDOWS\SYSTEM32\dhcpcsvc6.DLL
0x00007ffdf7f30000 - 0x00007ffdf7f4f000 	C:\WINDOWS\SYSTEM32\dhcpcsvc.DLL
0x00007ffdfc790000 - 0x00007ffdfc889000 	C:\WINDOWS\SYSTEM32\DNSAPI.dll
0x00007ffdc0cb0000 - 0x00007ffdc0cf5000 	C:\Users\User\AppData\Local\Temp\jna-2645995\jna12611712575528117176.dll

dbghelp: loaded successfully - version: 4.0.5 - missing functions: none
symbol engine: initialized successfully - sym options: 0x614 - pdb path: .;c:\Users\User\.vscode\extensions\redhat.java-1.24.0-win32-x64\jre\17.0.8.1-win32-x86_64\bin;C:\WINDOWS\SYSTEM32;C:\WINDOWS\WinSxS\amd64_microsoft.windows.common-controls_6595b64144ccf1df_6.0.22621.2506_none_270c5ae97388e100;c:\Users\User\.vscode\extensions\redhat.java-1.24.0-win32-x64\jre\17.0.8.1-win32-x86_64\bin\server;C:\Users\User\AppData\Roaming\Code\User\globalStorage\redhat.java\1.24.0\config_ss_win\org.eclipse.equinox.launcher\org.eclipse.equinox.launcher.win32.win32.x86_64_1.2.700.v20221108-1024;C:\Users\User\AppData\Local\Temp\jna-2645995

VM Arguments:
jvm_args: --add-modules=ALL-SYSTEM --add-opens=java.base/java.util=ALL-UNNAMED --add-opens=java.base/java.lang=ALL-UNNAMED --add-opens=java.base/sun.nio.fs=ALL-UNNAMED -Declipse.application=org.eclipse.jdt.ls.core.id1 -Dosgi.bundles.defaultStartLevel=4 -Declipse.product=org.eclipse.jdt.ls.core.product -Djava.import.generatesMetadataFilesAtProjectRoot=false -DDetectVMInstallationsJob.disabled=true -Dfile.encoding=utf8 -XX:+UseParallelGC -XX:GCTimeRatio=4 -XX:AdaptiveSizePolicyWeight=90 -Dsun.zip.disableMemoryMapping=true -Xmx1G -Xms100m -Xlog:disable -javaagent:c:\Users\User\.vscode\extensions\redhat.java-1.24.0-win32-x64\lombok\lombok-1.18.30.jar 
java_command: c:\Users\User\.vscode\extensions\redhat.java-1.24.0-win32-x64\server\plugins\org.eclipse.equinox.launcher_1.6.500.v20230717-2134.jar -configuration c:\Users\User\AppData\Roaming\Code\User\globalStorage\redhat.java\1.24.0\config_ss_win -data c:\Users\User\AppData\Roaming\Code\User\workspaceStorage\78fe2800ceaa647071d4d764bac837f3\redhat.java\ss_ws --stdio
java_class_path (initial): c:\Users\User\.vscode\extensions\redhat.java-1.24.0-win32-x64\server\plugins\org.eclipse.equinox.launcher_1.6.500.v20230717-2134.jar
Launcher Type: SUN_STANDARD

[Global flags]
    uintx AdaptiveSizePolicyWeight                 = 90                                        {product} {command line}
     intx CICompilerCount                          = 4                                         {product} {ergonomic}
    uintx GCTimeRatio                              = 4                                         {product} {command line}
   size_t InitialHeapSize                          = 104857600                                 {product} {command line}
   size_t MaxHeapSize                              = 1073741824                                {product} {command line}
   size_t MaxNewSize                               = 357564416                                 {product} {ergonomic}
   size_t MinHeapDeltaBytes                        = 524288                                    {product} {ergonomic}
   size_t MinHeapSize                              = 104857600                                 {product} {command line}
   size_t NewSize                                  = 34603008                                  {product} {ergonomic}
    uintx NonNMethodCodeHeapSize                   = 5839372                                {pd product} {ergonomic}
    uintx NonProfiledCodeHeapSize                  = 122909434                              {pd product} {ergonomic}
   size_t OldSize                                  = 70254592                                  {product} {ergonomic}
    uintx ProfiledCodeHeapSize                     = 122909434                              {pd product} {ergonomic}
    uintx ReservedCodeCacheSize                    = 251658240                              {pd product} {ergonomic}
     bool SegmentedCodeCache                       = true                                      {product} {ergonomic}
   size_t SoftMaxHeapSize                          = 1073741824                             {manageable} {ergonomic}
     bool UseCompressedClassPointers               = true                           {product lp64_product} {ergonomic}
     bool UseCompressedOops                        = true                           {product lp64_product} {ergonomic}
     bool UseLargePagesIndividualAllocation        = false                                  {pd product} {ergonomic}
     bool UseParallelGC                            = true                                      {product} {command line}

Logging:
Log output configuration:
 #0: stdout all=off uptime,level,tags
 #1: stderr all=off uptime,level,tags

Environment Variables:
PATH=C:\Program Files\Common Files\Oracle\Java\javapath;C:\Program Files (x86)\Common Files\Oracle\Java\javapath;C:\Program Files (x86)\Common Files\Intel\Shared Files\cpp\bin\Intel64;C:\Windows\system32;C:\Windows;C:\Windows\System32\Wbem;C:\Windows\System32\WindowsPowerShell\v1.0\;C:\Windows\System32\OpenSSH\;C:\Program Files (x86)\NVIDIA Corporation\PhysX\Common;C:\Program Files\NVIDIA Corporation\NVIDIA NvDLISR;C:\MinGW\bin;C:\WINDOWS\system32;C:\WINDOWS;C:\WINDOWS\System32\Wbem;C:\WINDOWS\System32\WindowsPowerShell\v1.0\;C:\WINDOWS\System32\OpenSSH\;C:\xampp\php;C:\Program Files\Java\jdk-17.0.2\bin;C:\Program Files\Microsoft SQL Server\120\DTS\Binn\;C:\Program Files\Microsoft SQL Server\Client SDK\ODBC\110\Tools\Binn\;C:\Program Files (x86)\Microsoft SQL Server\120\Tools\Binn\;C:\Program Files\Microsoft SQL Server\120\Tools\Binn\;C:\Program Files (x86)\Microsoft SQL Server\120\Tools\Binn\ManagementStudio\;C:\Program Files (x86)\Microsoft SQL Server\120\DTS\Binn\;C:\Program Files\Go\bin;C:\composer;C:\Program Files\flutter\bin;C:\Program Files\Git\cmd;C:\Program Files (x86)\nodejs\;C:\Program Files\dotnet\;C:\metasploit-framework\bin\;C:\Users\User\AppData\Local\Microsoft\WindowsApps;C:\Users\User\AppData\Local\Programs\Microsoft VS Code\bin;C:\Users\User\go\bin;C:\Users\User\AppData\Roaming\Composer\vendor\bin;C:\Users\User\AppData\Roaming\npm;C:\Users\User\.dotnet\tools;C:\Program Files (x86)\Nmap
USERNAME=User
OS=Windows_NT
PROCESSOR_IDENTIFIER=Intel64 Family 6 Model 140 Stepping 1, GenuineIntel
TMP=C:\Users\User\AppData\Local\Temp
TEMP=C:\Users\User\AppData\Local\Temp



---------------  S Y S T E M  ---------------

OS:
 Windows 11 , 64 bit Build 22621 (10.0.22621.2506)
OS uptime: 2 days 2:50 hours

CPU: total 8 (initial active 8) (4 cores per cpu, 2 threads per core) family 6 model 140 stepping 1 microcode 0x86, cx8, cmov, fxsr, ht, mmx, 3dnowpref, sse, sse2, sse3, ssse3, sse4.1, sse4.2, popcnt, lzcnt, tsc, tscinvbit, avx, avx2, aes, erms, clmul, bmi1, bmi2, adx, avx512f, avx512dq, avx512cd, avx512bw, avx512vl, sha, fma, vzeroupper, avx512_vpopcntdq, avx512_vpclmulqdq, avx512_vaes, avx512_vnni, clflush, clflushopt, clwb, avx512_vbmi2, avx512_vbmi
Processor Information for processor 0
  Max Mhz: 2419, Current Mhz: 2419, Mhz Limit: 2419
Processor Information for processor 1
  Max Mhz: 2419, Current Mhz: 2419, Mhz Limit: 2419
Processor Information for processor 2
  Max Mhz: 2419, Current Mhz: 1007, Mhz Limit: 2419
Processor Information for processor 3
  Max Mhz: 2419, Current Mhz: 1007, Mhz Limit: 2419
Processor Information for processor 4
  Max Mhz: 2419, Current Mhz: 2419, Mhz Limit: 2419
Processor Information for processor 5
  Max Mhz: 2419, Current Mhz: 2419, Mhz Limit: 2419
Processor Information for processor 6
  Max Mhz: 2419, Current Mhz: 2419, Mhz Limit: 2419
Processor Information for processor 7
  Max Mhz: 2419, Current Mhz: 2419, Mhz Limit: 2419

Memory: 4k page, system-wide physical 7886M (134M free)
TotalPageFile size 15859M (AvailPageFile size 39M)
current process WorkingSet (physical memory assigned to process): 127M, peak: 127M
current process commit charge ("private bytes"): 232M, peak: 233M

vm_info: OpenJDK 64-Bit Server VM (17.0.8.1+1) for windows-amd64 JRE (17.0.8.1+1), built on Aug 23 2023 15:29:17 by "admin" with MS VC++ 16.7 (VS2019)

END.
